#
# A fatal error has been detected by the Java Runtime Environment:
#
#  SIGBUS (0xa) at pc=0x00000001008989c9, pid=14087, tid=0x0000000000002903
#
# JRE version: OpenJDK Runtime Environment (8.0_352-b08) (build 1.8.0_352-b08)
# Java VM: OpenJDK 64-Bit Server VM (25.352-b08 mixed mode bsd-amd64 compressed oops)
# Problematic frame:
# C  [libzip.dylib+0x39c9]  newEntry+0x5d
#
# Failed to write core dump. Core dumps have been disabled. To enable core dumping, try "ulimit -c unlimited" before starting Java again
#
# If you would like to submit a bug report, please visit:
#   https://github.com/adoptium/adoptium-support/issues
# The crash happened outside the Java Virtual Machine in native code.
# See problematic frame for where to report the bug.
#

---------------  T H R E A D  ---------------

Current thread (0x00007fb42d809000):  JavaThread "Test worker" [_thread_in_native, id=10499, stack(0x0000700007bca000,0x0000700007cca000)]

siginfo: si_signo: 10 (SIGBUS), si_code: 2 (BUS_ADRERR), si_addr: 0x00000001012e59bc

Registers:
RAX=0x0000000000000000, RBX=0x0000000000000000, RCX=0x00006000031588c0, RDX=0x00000000a345981c
RSP=0x0000700007cc3a60, RBP=0x0000700007cc3af0, RSI=0x000000000000001c, RDI=0x0000000100851000
R8 =0x000015dc71eb88c0, R9 =0x0000000000000072, R10=0x0000000103f4af98, R11=0x00006ff8519b8fa0
R12=0x00006000031588c0, R13=0x00000001012e59a0, R14=0x00007fb42d8c93e0, R15=0x00006000029b8d00
RIP=0x00000001008989c9, EFLAGS=0x0000000000010206, ERR=0x0000000000000004
  TRAPNO=0x000000000000000e

Top of Stack: (sp=0x0000700007cc3a60)
0x0000700007cc3a60:   00000007b630a530 00000000f6c61469
0x0000700007cc3a70:   0000600001ca0000 0100000000000020
0x0000700007cc3a80:   00007000000000e0 00000007b630a348
0x0000700007cc3a90:   0000700007cc3aa0 0000000101bc68d9
0x0000700007cc3aa0:   0000000007cc3ad0 0000000101ab7d74
0x0000700007cc3ab0:   0000000101d87b98 0000600003cfa480
0x0000700007cc3ac0:   00006000029b8d00 00000000b50a62b8
0x0000700007cc3ad0:   00007fb42d8c8400 00006000031732f0
0x0000700007cc3ae0:   0000000000000fe0 0000700007cc3b60
0x0000700007cc3af0:   0000700007cc3b40 000000010089888b
0x0000700007cc3b00:   0000000000000072 0000000107cc3b60
0x0000700007cc3b10:   00006000029b8d00 0000000000000072
0x0000700007cc3b20:   0000700007cc3fb8 00007fb42d809260
0x0000700007cc3b30:   0000700007cc3b60 00006000029b8d00
0x0000700007cc3b40:   0000700007cc3fa0 00000001008971f9
0x0000700007cc3b50:   0000700007cc3f58 0000000103485470
0x0000700007cc3b60:   6572617774666f73 2f6e6f7a616d612f
0x0000700007cc3b70:   72676f7470797263 6e79642f79687061
0x0000700007cc3b80:   636e4562446f6d61 4d6e6f6974707972
0x0000700007cc3b90:   726177656c646469 6e7265746e692f65
0x0000700007cc3ba0:   6c65646f6d2f6c61 6361736e6172542f
0x0000700007cc3bb0:   6d65744974654774 72547475706e4973
0x0000700007cc3bc0:   496d726f66736e61 616c632e7475706e
0x0000700007cc3bd0:   00007fb42d007373 00007fb42be25c60
0x0000700007cc3be0:   0000000103485470 00000007b630a518
0x0000700007cc3bf0:   0000700007cc40e0 000000010404418c
0x0000700007cc3c00:   0000000000000000 0000700007cc3f58
0x0000700007cc3c10:   0000000103485470 00007fb42d809000
0x0000700007cc3c20:   0000000000000000 0000000000000000
0x0000700007cc3c30:   0000000103e2e8e0 0000000103485470
0x0000700007cc3c40:   00007fb42d809000 0000000103485470
0x0000700007cc3c50:   00007fb42d809000 0000000000000006 

Instructions: (pc=0x00000001008989c9)
0x00000001008989a9:   24 28 41 80 7f 30 00 89 5d b4 0f 84 f3 00 00 00
0x00000001008989b9:   4d 8b 6f 18 4d 03 6e 08 4d 2b 6f 28 4c 89 7d d0
0x00000001008989c9:   41 0f b6 45 1c 45 0f b6 75 1d 49 c1 e6 08 49 09
0x00000001008989d9:   c6 41 0f b6 45 1e 48 89 45 b8 41 0f b6 45 1f 48 

Register to memory mapping:

RAX=0x0000000000000000 is an unknown value
RBX=0x0000000000000000 is an unknown value
RCX=0x00006000031588c0 is an unknown value
RDX=0x00000000a345981c is an unknown value
RSP=0x0000700007cc3a60 is pointing into the stack for thread: 0x00007fb42d809000
RBP=0x0000700007cc3af0 is pointing into the stack for thread: 0x00007fb42d809000
RSI=0x000000000000001c is an unknown value
RDI=0x0000000100851000 is an unknown value
R8 =0x000015dc71eb88c0 is an unknown value
R9 =0x0000000000000072 is an unknown value
R10=0x0000000103f4af98 is at entry_point+88 in (nmethod*)0x0000000103f4add0
R11=0x00006ff8519b8fa0 is an unknown value
R12=0x00006000031588c0 is an unknown value
R13=0x00000001012e59a0 is an unknown value
R14=0x00007fb42d8c93e0 is an unknown value
R15=0x00006000029b8d00 is an unknown value


Stack: [0x0000700007bca000,0x0000700007cca000],  sp=0x0000700007cc3a60,  free space=998k
Native frames: (J=compiled Java code, j=interpreted, Vv=VM code, C=native code)
C  [libzip.dylib+0x39c9]  newEntry+0x5d
C  [libzip.dylib+0x388b]  ZIP_GetEntry2+0x101
C  [libzip.dylib+0x21f9]  Java_java_util_zip_ZipFile_getEntry+0x94
J 159  java.util.zip.ZipFile.getEntry(J[BZ)J (0 bytes) @ 0x0000000103f4b00e [0x0000000103f4af40+0xce]
J 2355 C2 java.util.zip.ZipFile.getEntry(Ljava/lang/String;)Ljava/util/zip/ZipEntry; (101 bytes) @ 0x00000001046adff0 [0x00000001046adc40+0x3b0]
J 1810 C2 sun.misc.URLClassPath$JarLoader.getResource(Ljava/lang/String;Z)Lsun/misc/Resource; (85 bytes) @ 0x00000001044497ac [0x0000000104449720+0x8c]
J 1513 C2 sun.misc.URLClassPath.getResource(Ljava/lang/String;Z)Lsun/misc/Resource; (83 bytes) @ 0x000000010434495c [0x0000000104344860+0xfc]
J 2020 C2 java.net.URLClassLoader$1.run()Ljava/lang/Object; (5 bytes) @ 0x00000001045f8ca0 [0x00000001045f8680+0x620]
v  ~StubRoutines::call_stub
V  [libjvm.dylib+0x2c995d]
V  [libjvm.dylib+0x337485]
J 468  java.security.AccessController.doPrivileged(Ljava/security/PrivilegedExceptionAction;Ljava/security/AccessControlContext;)Ljava/lang/Object; (0 bytes) @ 0x0000000103ff04d5 [0x0000000103ff0400+0xd5]
J 2013 C2 java.net.URLClassLoader.findClass(Ljava/lang/String;)Ljava/lang/Class; (47 bytes) @ 0x0000000104524284 [0x00000001045241e0+0xa4]
j  java.lang.ClassLoader.loadClass(Ljava/lang/String;Z)Ljava/lang/Class;+70
J 859 C1 sun.misc.Launcher$AppClassLoader.loadClass(Ljava/lang/String;Z)Ljava/lang/Class; (85 bytes) @ 0x000000010412e1a4 [0x000000010412d7e0+0x9c4]
J 190 C1 java.lang.ClassLoader.loadClass(Ljava/lang/String;)Ljava/lang/Class; (7 bytes) @ 0x0000000103f5499c [0x0000000103f54880+0x11c]
v  ~StubRoutines::call_stub
V  [libjvm.dylib+0x2c995d]
V  [libjvm.dylib+0x2c8769]
V  [libjvm.dylib+0x2c89c8]
V  [libjvm.dylib+0x53a065]
V  [libjvm.dylib+0x539236]
V  [libjvm.dylib+0x538927]
V  [libjvm.dylib+0x1cb185]
V  [libjvm.dylib+0x1cc337]
V  [libjvm.dylib+0x3d2dba]
V  [libjvm.dylib+0x3d2217]
V  [libjvm.dylib+0x3d1fcb]
V  [libjvm.dylib+0x2c2e51]
j  software.aws.cryptography.dynamodbencryption.DynamoDbEncryptionInterceptor.modifyRequest(Lsoftware/amazon/awssdk/core/interceptor/Context$ModifyRequest;Lsoftware/amazon/awssdk/core/interceptor/ExecutionAttributes;)Lsoftware/amazon/awssdk/core/SdkRequest;+840
j  software.amazon.awssdk.core.interceptor.ExecutionInterceptorChain.modifyRequest(Lsoftware/amazon/awssdk/core/interceptor/InterceptorContext;Lsoftware/amazon/awssdk/core/interceptor/ExecutionAttributes;)Lsoftware/amazon/awssdk/core/interceptor/InterceptorContext;+39
j  software.amazon.awssdk.awscore.internal.AwsExecutionContextBuilder.runInitialInterceptors(Lsoftware/amazon/awssdk/core/interceptor/InterceptorContext;Lsoftware/amazon/awssdk/core/interceptor/ExecutionAttributes;Lsoftware/amazon/awssdk/core/interceptor/ExecutionInterceptorChain;)Lsoftware/amazon/awssdk/core/interceptor/InterceptorContext;+9
j  software.amazon.awssdk.awscore.internal.AwsExecutionContextBuilder.invokeInterceptorsAndCreateExecutionContext(Lsoftware/amazon/awssdk/core/client/handler/ClientExecutionParams;Lsoftware/amazon/awssdk/core/client/config/SdkClientConfiguration;)Lsoftware/amazon/awssdk/core/http/ExecutionContext;+393
j  software.amazon.awssdk.awscore.client.handler.AwsSyncClientHandler.invokeInterceptorsAndCreateExecutionContext(Lsoftware/amazon/awssdk/core/client/handler/ClientExecutionParams;)Lsoftware/amazon/awssdk/core/http/ExecutionContext;+5
j  software.amazon.awssdk.core.internal.handler.BaseSyncClientHandler.lambda$execute$1(Lsoftware/amazon/awssdk/core/client/handler/ClientExecutionParams;)Lsoftware/amazon/awssdk/core/SdkResponse;+2
j  software.amazon.awssdk.core.internal.handler.BaseSyncClientHandler$$Lambda$641.get()Ljava/lang/Object;+8
j  software.amazon.awssdk.core.internal.handler.BaseSyncClientHandler.measureApiCallSuccess(Lsoftware/amazon/awssdk/core/client/handler/ClientExecutionParams;Ljava/util/function/Supplier;)Ljava/lang/Object;+1
j  software.amazon.awssdk.core.internal.handler.BaseSyncClientHandler.execute(Lsoftware/amazon/awssdk/core/client/handler/ClientExecutionParams;)Lsoftware/amazon/awssdk/core/SdkResponse;+9
j  software.amazon.awssdk.core.client.handler.SdkSyncClientHandler.execute(Lsoftware/amazon/awssdk/core/client/handler/ClientExecutionParams;)Lsoftware/amazon/awssdk/core/SdkResponse;+2
j  software.amazon.awssdk.awscore.client.handler.AwsSyncClientHandler.execute(Lsoftware/amazon/awssdk/core/client/handler/ClientExecutionParams;)Lsoftware/amazon/awssdk/core/SdkResponse;+8
j  software.amazon.awssdk.services.dynamodb.DefaultDynamoDbClient.transactGetItems(Lsoftware/amazon/awssdk/services/dynamodb/model/TransactGetItemsRequest;)Lsoftware/amazon/awssdk/services/dynamodb/model/TransactGetItemsResponse;+313
j  software.aws.cryptography.dynamodbencryption.DynamoDbEncryptionInterceptorIntegrationTests.TestTransactWriteAndGet()V+359
v  ~StubRoutines::call_stub
V  [libjvm.dylib+0x2c995d]
V  [libjvm.dylib+0x4d79c0]
V  [libjvm.dylib+0x4d8546]
V  [libjvm.dylib+0x345034]
j  sun.reflect.NativeMethodAccessorImpl.invoke0(Ljava/lang/reflect/Method;Ljava/lang/Object;[Ljava/lang/Object;)Ljava/lang/Object;+0
j  sun.reflect.NativeMethodAccessorImpl.invoke(Ljava/lang/Object;[Ljava/lang/Object;)Ljava/lang/Object;+100
J 433 C1 sun.reflect.DelegatingMethodAccessorImpl.invoke(Ljava/lang/Object;[Ljava/lang/Object;)Ljava/lang/Object; (10 bytes) @ 0x0000000103fe2dac [0x0000000103fe2c80+0x12c]
J 432 C1 java.lang.reflect.Method.invoke(Ljava/lang/Object;[Ljava/lang/Object;)Ljava/lang/Object; (62 bytes) @ 0x0000000103fdcacc [0x0000000103fdc6a0+0x42c]
j  org.junit.platform.commons.util.ReflectionUtils.invokeMethod(Ljava/lang/reflect/Method;Ljava/lang/Object;[Ljava/lang/Object;)Ljava/lang/Object;+42
j  org.junit.jupiter.engine.execution.MethodInvocation.proceed()Ljava/lang/Object;+16
j  org.junit.jupiter.engine.execution.InvocationInterceptorChain$ValidatingInvocation.proceed()Ljava/lang/Object;+8
j  org.junit.jupiter.engine.extension.TimeoutExtension.intercept(Lorg/junit/jupiter/api/extension/InvocationInterceptor$Invocation;Lorg/junit/jupiter/api/extension/ReflectiveInvocationContext;Lorg/junit/jupiter/api/extension/ExtensionContext;Lorg/junit/jupiter/engine/extension/TimeoutDuration;Lorg/junit/jupiter/engine/extension/TimeoutExtension$TimeoutProvider;)Ljava/lang/Object;+28
j  org.junit.jupiter.engine.extension.TimeoutExtension.interceptTestableMethod(Lorg/junit/jupiter/api/extension/InvocationInterceptor$Invocation;Lorg/junit/jupiter/api/extension/ReflectiveInvocationContext;Lorg/junit/jupiter/api/extension/ExtensionContext;Lorg/junit/jupiter/engine/extension/TimeoutExtension$TimeoutProvider;)Ljava/lang/Object;+31
j  org.junit.jupiter.engine.extension.TimeoutExtension.interceptTestMethod(Lorg/junit/jupiter/api/extension/InvocationInterceptor$Invocation;Lorg/junit/jupiter/api/extension/ReflectiveInvocationContext;Lorg/junit/jupiter/api/extension/ExtensionContext;)V+9
j  org.junit.jupiter.engine.descriptor.TestMethodTestDescriptor$$Lambda$125.apply(Lorg/junit/jupiter/api/extension/InvocationInterceptor;Lorg/junit/jupiter/api/extension/InvocationInterceptor$Invocation;Lorg/junit/jupiter/api/extension/ReflectiveInvocationContext;Lorg/junit/jupiter/api/extension/ExtensionContext;)V+5
j  org.junit.jupiter.engine.execution.ExecutableInvoker$ReflectiveInterceptorCall.lambda$ofVoidMethod$0(Lorg/junit/jupiter/engine/execution/ExecutableInvoker$ReflectiveInterceptorCall$VoidMethodInterceptorCall;Lorg/junit/jupiter/api/extension/InvocationInterceptor;Lorg/junit/jupiter/api/extension/InvocationInterceptor$Invocation;Lorg/junit/jupiter/api/extension/ReflectiveInvocationContext;Lorg/junit/jupiter/api/extension/ExtensionContext;)Ljava/lang/Void;+6
j  org.junit.jupiter.engine.execution.ExecutableInvoker$ReflectiveInterceptorCall$$Lambda$126.apply(Lorg/junit/jupiter/api/extension/InvocationInterceptor;Lorg/junit/jupiter/api/extension/InvocationInterceptor$Invocation;Lorg/junit/jupiter/api/extension/ReflectiveInvocationContext;Lorg/junit/jupiter/api/extension/ExtensionContext;)Ljava/lang/Object;+9
j  org.junit.jupiter.engine.execution.ExecutableInvoker.lambda$invoke$0(Lorg/junit/jupiter/engine/execution/ExecutableInvoker$ReflectiveInterceptorCall;Lorg/junit/jupiter/api/extension/ReflectiveInvocationContext;Lorg/junit/jupiter/api/extension/ExtensionContext;Lorg/junit/jupiter/api/extension/InvocationInterceptor;Lorg/junit/jupiter/api/extension/InvocationInterceptor$Invocation;)Ljava/lang/Object;+6
j  org.junit.jupiter.engine.execution.ExecutableInvoker$$Lambda$302.apply(Lorg/junit/jupiter/api/extension/InvocationInterceptor;Lorg/junit/jupiter/api/extension/InvocationInterceptor$Invocation;)Ljava/lang/Object;+14
j  org.junit.jupiter.engine.execution.InvocationInterceptorChain$InterceptedInvocation.proceed()Ljava/lang/Object;+12
j  org.junit.jupiter.engine.execution.InvocationInterceptorChain.proceed(Lorg/junit/jupiter/api/extension/InvocationInterceptor$Invocation;)Ljava/lang/Object;+1
j  org.junit.jupiter.engine.execution.InvocationInterceptorChain.chainAndInvoke(Lorg/junit/jupiter/api/extension/InvocationInterceptor$Invocation;Lorg/junit/jupiter/engine/execution/InvocationInterceptorChain$InterceptorCall;Ljava/util/List;)Ljava/lang/Object;+24
j  org.junit.jupiter.engine.execution.InvocationInterceptorChain.invoke(Lorg/junit/jupiter/api/extension/InvocationInterceptor$Invocation;Lorg/junit/jupiter/engine/extension/ExtensionRegistry;Lorg/junit/jupiter/engine/execution/InvocationInterceptorChain$InterceptorCall;)Ljava/lang/Object;+31
j  org.junit.jupiter.engine.execution.ExecutableInvoker.invoke(Lorg/junit/jupiter/api/extension/InvocationInterceptor$Invocation;Lorg/junit/jupiter/api/extension/ReflectiveInvocationContext;Lorg/junit/jupiter/api/extension/ExtensionContext;Lorg/junit/jupiter/engine/extension/ExtensionRegistry;Lorg/junit/jupiter/engine/execution/ExecutableInvoker$ReflectiveInterceptorCall;)Ljava/lang/Object;+15
j  org.junit.jupiter.engine.execution.ExecutableInvoker.invoke(Ljava/lang/reflect/Method;Ljava/lang/Object;Lorg/junit/jupiter/api/extension/ExtensionContext;Lorg/junit/jupiter/engine/extension/ExtensionRegistry;Lorg/junit/jupiter/engine/execution/ExecutableInvoker$ReflectiveInterceptorCall;)Ljava/lang/Object;+56
j  org.junit.jupiter.engine.descriptor.TestMethodTestDescriptor.lambda$invokeTestMethod$7(Lorg/junit/jupiter/api/extension/ExtensionContext;Lorg/junit/jupiter/engine/execution/JupiterEngineExecutionContext;)V+28
j  org.junit.jupiter.engine.descriptor.TestMethodTestDescriptor$$Lambda$314.execute()V+12
j  org.junit.platform.engine.support.hierarchical.ThrowableCollector.execute(Lorg/junit/platform/engine/support/hierarchical/ThrowableCollector$Executable;)V+1
j  org.junit.jupiter.engine.descriptor.TestMethodTestDescriptor.invokeTestMethod(Lorg/junit/jupiter/engine/execution/JupiterEngineExecutionContext;Lorg/junit/platform/engine/support/hierarchical/Node$DynamicTestExecutor;)V+21
j  org.junit.jupiter.engine.descriptor.TestMethodTestDescriptor.execute(Lorg/junit/jupiter/engine/execution/JupiterEngineExecutionContext;Lorg/junit/platform/engine/support/hierarchical/Node$DynamicTestExecutor;)Lorg/junit/jupiter/engine/execution/JupiterEngineExecutionContext;+44
j  org.junit.jupiter.engine.descriptor.TestMethodTestDescriptor.execute(Lorg/junit/platform/engine/support/hierarchical/EngineExecutionContext;Lorg/junit/platform/engine/support/hierarchical/Node$DynamicTestExecutor;)Lorg/junit/platform/engine/support/hierarchical/EngineExecutionContext;+6
j  org.junit.platform.engine.support.hierarchical.NodeTestTask.lambda$executeRecursively$6()V+79
j  org.junit.platform.engine.support.hierarchical.NodeTestTask$$Lambda$239.execute()V+4
j  org.junit.platform.engine.support.hierarchical.ThrowableCollector.execute(Lorg/junit/platform/engine/support/hierarchical/ThrowableCollector$Executable;)V+1
j  org.junit.platform.engine.support.hierarchical.NodeTestTask.lambda$executeRecursively$8(Lorg/junit/platform/engine/support/hierarchical/EngineExecutionContext;)V+15
j  org.junit.platform.engine.support.hierarchical.NodeTestTask$$Lambda$238.invoke(Lorg/junit/platform/engine/support/hierarchical/EngineExecutionContext;)V+5
j  org.junit.platform.engine.support.hierarchical.Node.around(Lorg/junit/platform/engine/support/hierarchical/EngineExecutionContext;Lorg/junit/platform/engine/support/hierarchical/Node$Invocation;)V+2
j  org.junit.platform.engine.support.hierarchical.NodeTestTask.lambda$executeRecursively$9()V+14
j  org.junit.platform.engine.support.hierarchical.NodeTestTask$$Lambda$237.execute()V+4
j  org.junit.platform.engine.support.hierarchical.ThrowableCollector.execute(Lorg/junit/platform/engine/support/hierarchical/ThrowableCollector$Executable;)V+1
j  org.junit.platform.engine.support.hierarchical.NodeTestTask.executeRecursively()V+31
j  org.junit.platform.engine.support.hierarchical.NodeTestTask.execute()V+55
j  org.junit.platform.engine.support.hierarchical.SameThreadHierarchicalTestExecutorService$$Lambda$243.accept(Ljava/lang/Object;)V+4
j  java.util.ArrayList.forEach(Ljava/util/function/Consumer;)V+47
j  org.junit.platform.engine.support.hierarchical.SameThreadHierarchicalTestExecutorService.invokeAll(Ljava/util/List;)V+6
j  org.junit.platform.engine.support.hierarchical.NodeTestTask.lambda$executeRecursively$6()V+116
j  org.junit.platform.engine.support.hierarchical.NodeTestTask$$Lambda$239.execute()V+4
j  org.junit.platform.engine.support.hierarchical.ThrowableCollector.execute(Lorg/junit/platform/engine/support/hierarchical/ThrowableCollector$Executable;)V+1
j  org.junit.platform.engine.support.hierarchical.NodeTestTask.lambda$executeRecursively$8(Lorg/junit/platform/engine/support/hierarchical/EngineExecutionContext;)V+15
j  org.junit.platform.engine.support.hierarchical.NodeTestTask$$Lambda$238.invoke(Lorg/junit/platform/engine/support/hierarchical/EngineExecutionContext;)V+5
j  org.junit.platform.engine.support.hierarchical.Node.around(Lorg/junit/platform/engine/support/hierarchical/EngineExecutionContext;Lorg/junit/platform/engine/support/hierarchical/Node$Invocation;)V+2
j  org.junit.platform.engine.support.hierarchical.NodeTestTask.lambda$executeRecursively$9()V+14
j  org.junit.platform.engine.support.hierarchical.NodeTestTask$$Lambda$237.execute()V+4
j  org.junit.platform.engine.support.hierarchical.ThrowableCollector.execute(Lorg/junit/platform/engine/support/hierarchical/ThrowableCollector$Executable;)V+1
j  org.junit.platform.engine.support.hierarchical.NodeTestTask.executeRecursively()V+31
j  org.junit.platform.engine.support.hierarchical.NodeTestTask.execute()V+55
j  org.junit.platform.engine.support.hierarchical.SameThreadHierarchicalTestExecutorService$$Lambda$243.accept(Ljava/lang/Object;)V+4
...<more frames>...

Java frames: (J=compiled Java code, j=interpreted, Vv=VM code)
J 159  java.util.zip.ZipFile.getEntry(J[BZ)J (0 bytes) @ 0x0000000103f4af98 [0x0000000103f4af40+0x58]
J 2355 C2 java.util.zip.ZipFile.getEntry(Ljava/lang/String;)Ljava/util/zip/ZipEntry; (101 bytes) @ 0x00000001046adff0 [0x00000001046adc40+0x3b0]
J 1810 C2 sun.misc.URLClassPath$JarLoader.getResource(Ljava/lang/String;Z)Lsun/misc/Resource; (85 bytes) @ 0x00000001044497ac [0x0000000104449720+0x8c]
J 1513 C2 sun.misc.URLClassPath.getResource(Ljava/lang/String;Z)Lsun/misc/Resource; (83 bytes) @ 0x000000010434495c [0x0000000104344860+0xfc]
J 2020 C2 java.net.URLClassLoader$1.run()Ljava/lang/Object; (5 bytes) @ 0x00000001045f8ca0 [0x00000001045f8680+0x620]
v  ~StubRoutines::call_stub
J 468  java.security.AccessController.doPrivileged(Ljava/security/PrivilegedExceptionAction;Ljava/security/AccessControlContext;)Ljava/lang/Object; (0 bytes) @ 0x0000000103ff0463 [0x0000000103ff0400+0x63]
J 2013 C2 java.net.URLClassLoader.findClass(Ljava/lang/String;)Ljava/lang/Class; (47 bytes) @ 0x0000000104524284 [0x00000001045241e0+0xa4]
j  java.lang.ClassLoader.loadClass(Ljava/lang/String;Z)Ljava/lang/Class;+70
J 859 C1 sun.misc.Launcher$AppClassLoader.loadClass(Ljava/lang/String;Z)Ljava/lang/Class; (85 bytes) @ 0x000000010412e1a4 [0x000000010412d7e0+0x9c4]
J 190 C1 java.lang.ClassLoader.loadClass(Ljava/lang/String;)Ljava/lang/Class; (7 bytes) @ 0x0000000103f5499c [0x0000000103f54880+0x11c]
v  ~StubRoutines::call_stub
j  software.aws.cryptography.dynamodbencryption.DynamoDbEncryptionInterceptor.modifyRequest(Lsoftware/amazon/awssdk/core/interceptor/Context$ModifyRequest;Lsoftware/amazon/awssdk/core/interceptor/ExecutionAttributes;)Lsoftware/amazon/awssdk/core/SdkRequest;+840
j  software.amazon.awssdk.core.interceptor.ExecutionInterceptorChain.modifyRequest(Lsoftware/amazon/awssdk/core/interceptor/InterceptorContext;Lsoftware/amazon/awssdk/core/interceptor/ExecutionAttributes;)Lsoftware/amazon/awssdk/core/interceptor/InterceptorContext;+39
j  software.amazon.awssdk.awscore.internal.AwsExecutionContextBuilder.runInitialInterceptors(Lsoftware/amazon/awssdk/core/interceptor/InterceptorContext;Lsoftware/amazon/awssdk/core/interceptor/ExecutionAttributes;Lsoftware/amazon/awssdk/core/interceptor/ExecutionInterceptorChain;)Lsoftware/amazon/awssdk/core/interceptor/InterceptorContext;+9
j  software.amazon.awssdk.awscore.internal.AwsExecutionContextBuilder.invokeInterceptorsAndCreateExecutionContext(Lsoftware/amazon/awssdk/core/client/handler/ClientExecutionParams;Lsoftware/amazon/awssdk/core/client/config/SdkClientConfiguration;)Lsoftware/amazon/awssdk/core/http/ExecutionContext;+393
j  software.amazon.awssdk.awscore.client.handler.AwsSyncClientHandler.invokeInterceptorsAndCreateExecutionContext(Lsoftware/amazon/awssdk/core/client/handler/ClientExecutionParams;)Lsoftware/amazon/awssdk/core/http/ExecutionContext;+5
j  software.amazon.awssdk.core.internal.handler.BaseSyncClientHandler.lambda$execute$1(Lsoftware/amazon/awssdk/core/client/handler/ClientExecutionParams;)Lsoftware/amazon/awssdk/core/SdkResponse;+2
j  software.amazon.awssdk.core.internal.handler.BaseSyncClientHandler$$Lambda$641.get()Ljava/lang/Object;+8
j  software.amazon.awssdk.core.internal.handler.BaseSyncClientHandler.measureApiCallSuccess(Lsoftware/amazon/awssdk/core/client/handler/ClientExecutionParams;Ljava/util/function/Supplier;)Ljava/lang/Object;+1
j  software.amazon.awssdk.core.internal.handler.BaseSyncClientHandler.execute(Lsoftware/amazon/awssdk/core/client/handler/ClientExecutionParams;)Lsoftware/amazon/awssdk/core/SdkResponse;+9
j  software.amazon.awssdk.core.client.handler.SdkSyncClientHandler.execute(Lsoftware/amazon/awssdk/core/client/handler/ClientExecutionParams;)Lsoftware/amazon/awssdk/core/SdkResponse;+2
j  software.amazon.awssdk.awscore.client.handler.AwsSyncClientHandler.execute(Lsoftware/amazon/awssdk/core/client/handler/ClientExecutionParams;)Lsoftware/amazon/awssdk/core/SdkResponse;+8
j  software.amazon.awssdk.services.dynamodb.DefaultDynamoDbClient.transactGetItems(Lsoftware/amazon/awssdk/services/dynamodb/model/TransactGetItemsRequest;)Lsoftware/amazon/awssdk/services/dynamodb/model/TransactGetItemsResponse;+313
j  software.aws.cryptography.dynamodbencryption.DynamoDbEncryptionInterceptorIntegrationTests.TestTransactWriteAndGet()V+359
v  ~StubRoutines::call_stub
j  sun.reflect.NativeMethodAccessorImpl.invoke0(Ljava/lang/reflect/Method;Ljava/lang/Object;[Ljava/lang/Object;)Ljava/lang/Object;+0
j  sun.reflect.NativeMethodAccessorImpl.invoke(Ljava/lang/Object;[Ljava/lang/Object;)Ljava/lang/Object;+100
J 433 C1 sun.reflect.DelegatingMethodAccessorImpl.invoke(Ljava/lang/Object;[Ljava/lang/Object;)Ljava/lang/Object; (10 bytes) @ 0x0000000103fe2dac [0x0000000103fe2c80+0x12c]
J 432 C1 java.lang.reflect.Method.invoke(Ljava/lang/Object;[Ljava/lang/Object;)Ljava/lang/Object; (62 bytes) @ 0x0000000103fdcacc [0x0000000103fdc6a0+0x42c]
j  org.junit.platform.commons.util.ReflectionUtils.invokeMethod(Ljava/lang/reflect/Method;Ljava/lang/Object;[Ljava/lang/Object;)Ljava/lang/Object;+42
j  org.junit.jupiter.engine.execution.MethodInvocation.proceed()Ljava/lang/Object;+16
j  org.junit.jupiter.engine.execution.InvocationInterceptorChain$ValidatingInvocation.proceed()Ljava/lang/Object;+8
j  org.junit.jupiter.engine.extension.TimeoutExtension.intercept(Lorg/junit/jupiter/api/extension/InvocationInterceptor$Invocation;Lorg/junit/jupiter/api/extension/ReflectiveInvocationContext;Lorg/junit/jupiter/api/extension/ExtensionContext;Lorg/junit/jupiter/engine/extension/TimeoutDuration;Lorg/junit/jupiter/engine/extension/TimeoutExtension$TimeoutProvider;)Ljava/lang/Object;+28
j  org.junit.jupiter.engine.extension.TimeoutExtension.interceptTestableMethod(Lorg/junit/jupiter/api/extension/InvocationInterceptor$Invocation;Lorg/junit/jupiter/api/extension/ReflectiveInvocationContext;Lorg/junit/jupiter/api/extension/ExtensionContext;Lorg/junit/jupiter/engine/extension/TimeoutExtension$TimeoutProvider;)Ljava/lang/Object;+31
j  org.junit.jupiter.engine.extension.TimeoutExtension.interceptTestMethod(Lorg/junit/jupiter/api/extension/InvocationInterceptor$Invocation;Lorg/junit/jupiter/api/extension/ReflectiveInvocationContext;Lorg/junit/jupiter/api/extension/ExtensionContext;)V+9
j  org.junit.jupiter.engine.descriptor.TestMethodTestDescriptor$$Lambda$125.apply(Lorg/junit/jupiter/api/extension/InvocationInterceptor;Lorg/junit/jupiter/api/extension/InvocationInterceptor$Invocation;Lorg/junit/jupiter/api/extension/ReflectiveInvocationContext;Lorg/junit/jupiter/api/extension/ExtensionContext;)V+5
j  org.junit.jupiter.engine.execution.ExecutableInvoker$ReflectiveInterceptorCall.lambda$ofVoidMethod$0(Lorg/junit/jupiter/engine/execution/ExecutableInvoker$ReflectiveInterceptorCall$VoidMethodInterceptorCall;Lorg/junit/jupiter/api/extension/InvocationInterceptor;Lorg/junit/jupiter/api/extension/InvocationInterceptor$Invocation;Lorg/junit/jupiter/api/extension/ReflectiveInvocationContext;Lorg/junit/jupiter/api/extension/ExtensionContext;)Ljava/lang/Void;+6
j  org.junit.jupiter.engine.execution.ExecutableInvoker$ReflectiveInterceptorCall$$Lambda$126.apply(Lorg/junit/jupiter/api/extension/InvocationInterceptor;Lorg/junit/jupiter/api/extension/InvocationInterceptor$Invocation;Lorg/junit/jupiter/api/extension/ReflectiveInvocationContext;Lorg/junit/jupiter/api/extension/ExtensionContext;)Ljava/lang/Object;+9
j  org.junit.jupiter.engine.execution.ExecutableInvoker.lambda$invoke$0(Lorg/junit/jupiter/engine/execution/ExecutableInvoker$ReflectiveInterceptorCall;Lorg/junit/jupiter/api/extension/ReflectiveInvocationContext;Lorg/junit/jupiter/api/extension/ExtensionContext;Lorg/junit/jupiter/api/extension/InvocationInterceptor;Lorg/junit/jupiter/api/extension/InvocationInterceptor$Invocation;)Ljava/lang/Object;+6
j  org.junit.jupiter.engine.execution.ExecutableInvoker$$Lambda$302.apply(Lorg/junit/jupiter/api/extension/InvocationInterceptor;Lorg/junit/jupiter/api/extension/InvocationInterceptor$Invocation;)Ljava/lang/Object;+14
j  org.junit.jupiter.engine.execution.InvocationInterceptorChain$InterceptedInvocation.proceed()Ljava/lang/Object;+12
j  org.junit.jupiter.engine.execution.InvocationInterceptorChain.proceed(Lorg/junit/jupiter/api/extension/InvocationInterceptor$Invocation;)Ljava/lang/Object;+1
j  org.junit.jupiter.engine.execution.InvocationInterceptorChain.chainAndInvoke(Lorg/junit/jupiter/api/extension/InvocationInterceptor$Invocation;Lorg/junit/jupiter/engine/execution/InvocationInterceptorChain$InterceptorCall;Ljava/util/List;)Ljava/lang/Object;+24
j  org.junit.jupiter.engine.execution.InvocationInterceptorChain.invoke(Lorg/junit/jupiter/api/extension/InvocationInterceptor$Invocation;Lorg/junit/jupiter/engine/extension/ExtensionRegistry;Lorg/junit/jupiter/engine/execution/InvocationInterceptorChain$InterceptorCall;)Ljava/lang/Object;+31
j  org.junit.jupiter.engine.execution.ExecutableInvoker.invoke(Lorg/junit/jupiter/api/extension/InvocationInterceptor$Invocation;Lorg/junit/jupiter/api/extension/ReflectiveInvocationContext;Lorg/junit/jupiter/api/extension/ExtensionContext;Lorg/junit/jupiter/engine/extension/ExtensionRegistry;Lorg/junit/jupiter/engine/execution/ExecutableInvoker$ReflectiveInterceptorCall;)Ljava/lang/Object;+15
j  org.junit.jupiter.engine.execution.ExecutableInvoker.invoke(Ljava/lang/reflect/Method;Ljava/lang/Object;Lorg/junit/jupiter/api/extension/ExtensionContext;Lorg/junit/jupiter/engine/extension/ExtensionRegistry;Lorg/junit/jupiter/engine/execution/ExecutableInvoker$ReflectiveInterceptorCall;)Ljava/lang/Object;+56
j  org.junit.jupiter.engine.descriptor.TestMethodTestDescriptor.lambda$invokeTestMethod$7(Lorg/junit/jupiter/api/extension/ExtensionContext;Lorg/junit/jupiter/engine/execution/JupiterEngineExecutionContext;)V+28
j  org.junit.jupiter.engine.descriptor.TestMethodTestDescriptor$$Lambda$314.execute()V+12
j  org.junit.platform.engine.support.hierarchical.ThrowableCollector.execute(Lorg/junit/platform/engine/support/hierarchical/ThrowableCollector$Executable;)V+1
j  org.junit.jupiter.engine.descriptor.TestMethodTestDescriptor.invokeTestMethod(Lorg/junit/jupiter/engine/execution/JupiterEngineExecutionContext;Lorg/junit/platform/engine/support/hierarchical/Node$DynamicTestExecutor;)V+21
j  org.junit.jupiter.engine.descriptor.TestMethodTestDescriptor.execute(Lorg/junit/jupiter/engine/execution/JupiterEngineExecutionContext;Lorg/junit/platform/engine/support/hierarchical/Node$DynamicTestExecutor;)Lorg/junit/jupiter/engine/execution/JupiterEngineExecutionContext;+44
j  org.junit.jupiter.engine.descriptor.TestMethodTestDescriptor.execute(Lorg/junit/platform/engine/support/hierarchical/EngineExecutionContext;Lorg/junit/platform/engine/support/hierarchical/Node$DynamicTestExecutor;)Lorg/junit/platform/engine/support/hierarchical/EngineExecutionContext;+6
j  org.junit.platform.engine.support.hierarchical.NodeTestTask.lambda$executeRecursively$6()V+79
j  org.junit.platform.engine.support.hierarchical.NodeTestTask$$Lambda$239.execute()V+4
j  org.junit.platform.engine.support.hierarchical.ThrowableCollector.execute(Lorg/junit/platform/engine/support/hierarchical/ThrowableCollector$Executable;)V+1
j  org.junit.platform.engine.support.hierarchical.NodeTestTask.lambda$executeRecursively$8(Lorg/junit/platform/engine/support/hierarchical/EngineExecutionContext;)V+15
j  org.junit.platform.engine.support.hierarchical.NodeTestTask$$Lambda$238.invoke(Lorg/junit/platform/engine/support/hierarchical/EngineExecutionContext;)V+5
j  org.junit.platform.engine.support.hierarchical.Node.around(Lorg/junit/platform/engine/support/hierarchical/EngineExecutionContext;Lorg/junit/platform/engine/support/hierarchical/Node$Invocation;)V+2
j  org.junit.platform.engine.support.hierarchical.NodeTestTask.lambda$executeRecursively$9()V+14
j  org.junit.platform.engine.support.hierarchical.NodeTestTask$$Lambda$237.execute()V+4
j  org.junit.platform.engine.support.hierarchical.ThrowableCollector.execute(Lorg/junit/platform/engine/support/hierarchical/ThrowableCollector$Executable;)V+1
j  org.junit.platform.engine.support.hierarchical.NodeTestTask.executeRecursively()V+31
j  org.junit.platform.engine.support.hierarchical.NodeTestTask.execute()V+55
j  org.junit.platform.engine.support.hierarchical.SameThreadHierarchicalTestExecutorService$$Lambda$243.accept(Ljava/lang/Object;)V+4
j  java.util.ArrayList.forEach(Ljava/util/function/Consumer;)V+47
j  org.junit.platform.engine.support.hierarchical.SameThreadHierarchicalTestExecutorService.invokeAll(Ljava/util/List;)V+6
j  org.junit.platform.engine.support.hierarchical.NodeTestTask.lambda$executeRecursively$6()V+116
j  org.junit.platform.engine.support.hierarchical.NodeTestTask$$Lambda$239.execute()V+4
j  org.junit.platform.engine.support.hierarchical.ThrowableCollector.execute(Lorg/junit/platform/engine/support/hierarchical/ThrowableCollector$Executable;)V+1
j  org.junit.platform.engine.support.hierarchical.NodeTestTask.lambda$executeRecursively$8(Lorg/junit/platform/engine/support/hierarchical/EngineExecutionContext;)V+15
j  org.junit.platform.engine.support.hierarchical.NodeTestTask$$Lambda$238.invoke(Lorg/junit/platform/engine/support/hierarchical/EngineExecutionContext;)V+5
j  org.junit.platform.engine.support.hierarchical.Node.around(Lorg/junit/platform/engine/support/hierarchical/EngineExecutionContext;Lorg/junit/platform/engine/support/hierarchical/Node$Invocation;)V+2
j  org.junit.platform.engine.support.hierarchical.NodeTestTask.lambda$executeRecursively$9()V+14
j  org.junit.platform.engine.support.hierarchical.NodeTestTask$$Lambda$237.execute()V+4
j  org.junit.platform.engine.support.hierarchical.ThrowableCollector.execute(Lorg/junit/platform/engine/support/hierarchical/ThrowableCollector$Executable;)V+1
j  org.junit.platform.engine.support.hierarchical.NodeTestTask.executeRecursively()V+31
j  org.junit.platform.engine.support.hierarchical.NodeTestTask.execute()V+55
j  org.junit.platform.engine.support.hierarchical.SameThreadHierarchicalTestExecutorService$$Lambda$243.accept(Ljava/lang/Object;)V+4
j  java.util.ArrayList.forEach(Ljava/util/function/Consumer;)V+47
j  org.junit.platform.engine.support.hierarchical.SameThreadHierarchicalTestExecutorService.invokeAll(Ljava/util/List;)V+6
j  org.junit.platform.engine.support.hierarchical.NodeTestTask.lambda$executeRecursively$6()V+116
j  org.junit.platform.engine.support.hierarchical.NodeTestTask$$Lambda$239.execute()V+4
j  org.junit.platform.engine.support.hierarchical.ThrowableCollector.execute(Lorg/junit/platform/engine/support/hierarchical/ThrowableCollector$Executable;)V+1
j  org.junit.platform.engine.support.hierarchical.NodeTestTask.lambda$executeRecursively$8(Lorg/junit/platform/engine/support/hierarchical/EngineExecutionContext;)V+15
j  org.junit.platform.engine.support.hierarchical.NodeTestTask$$Lambda$238.invoke(Lorg/junit/platform/engine/support/hierarchical/EngineExecutionContext;)V+5
j  org.junit.platform.engine.support.hierarchical.Node.around(Lorg/junit/platform/engine/support/hierarchical/EngineExecutionContext;Lorg/junit/platform/engine/support/hierarchical/Node$Invocation;)V+2
j  org.junit.platform.engine.support.hierarchical.NodeTestTask.lambda$executeRecursively$9()V+14
j  org.junit.platform.engine.support.hierarchical.NodeTestTask$$Lambda$237.execute()V+4
j  org.junit.platform.engine.support.hierarchical.ThrowableCollector.execute(Lorg/junit/platform/engine/support/hierarchical/ThrowableCollector$Executable;)V+1
j  org.junit.platform.engine.support.hierarchical.NodeTestTask.executeRecursively()V+31
j  org.junit.platform.engine.support.hierarchical.NodeTestTask.execute()V+55
j  org.junit.platform.engine.support.hierarchical.SameThreadHierarchicalTestExecutorService.submit(Lorg/junit/platform/engine/support/hierarchical/HierarchicalTestExecutorService$TestTask;)Ljava/util/concurrent/Future;+1
j  org.junit.platform.engine.support.hierarchical.HierarchicalTestExecutor.execute()Ljava/util/concurrent/Future;+74
j  org.junit.platform.engine.support.hierarchical.HierarchicalTestEngine.execute(Lorg/junit/platform/engine/ExecutionRequest;)V+31
j  org.junit.platform.launcher.core.EngineExecutionOrchestrator.execute(Lorg/junit/platform/engine/TestDescriptor;Lorg/junit/platform/engine/EngineExecutionListener;Lorg/junit/platform/engine/ConfigurationParameters;Lorg/junit/platform/engine/TestEngine;)V+24
j  org.junit.platform.launcher.core.EngineExecutionOrchestrator.execute(Lorg/junit/platform/launcher/core/LauncherDiscoveryResult;Lorg/junit/platform/engine/EngineExecutionListener;)V+86
j  org.junit.platform.launcher.core.EngineExecutionOrchestrator.lambda$execute$0(Lorg/junit/platform/launcher/core/InternalTestPlan;Lorg/junit/platform/launcher/core/LauncherDiscoveryResult;Lorg/junit/platform/launcher/TestExecutionListener;)V+18
j  org.junit.platform.launcher.core.EngineExecutionOrchestrator$$Lambda$193.accept(Ljava/lang/Object;)V+16
j  org.junit.platform.launcher.core.EngineExecutionOrchestrator.withInterceptedStreams(Lorg/junit/platform/engine/ConfigurationParameters;Lorg/junit/platform/launcher/core/ListenerRegistry;Ljava/util/function/Consumer;)V+51
j  org.junit.platform.launcher.core.EngineExecutionOrchestrator.execute(Lorg/junit/platform/launcher/core/InternalTestPlan;[Lorg/junit/platform/launcher/TestExecutionListener;)V+35
j  org.junit.platform.launcher.core.DefaultLauncher.execute(Lorg/junit/platform/launcher/core/InternalTestPlan;[Lorg/junit/platform/launcher/TestExecutionListener;)V+6
j  org.junit.platform.launcher.core.DefaultLauncher.execute(Lorg/junit/platform/launcher/LauncherDiscoveryRequest;[Lorg/junit/platform/launcher/TestExecutionListener;)V+34
j  org.junit.platform.launcher.core.DefaultLauncherSession$DelegatingLauncher.execute(Lorg/junit/platform/launcher/LauncherDiscoveryRequest;[Lorg/junit/platform/launcher/TestExecutionListener;)V+6
j  org.junit.platform.launcher.core.SessionPerRequestLauncher.execute(Lorg/junit/platform/launcher/LauncherDiscoveryRequest;[Lorg/junit/platform/launcher/TestExecutionListener;)V+13
j  org.gradle.api.internal.tasks.testing.junitplatform.JUnitPlatformTestClassProcessor$CollectAllTestClassesExecutor.processAllTestClasses()V+58
j  org.gradle.api.internal.tasks.testing.junitplatform.JUnitPlatformTestClassProcessor$CollectAllTestClassesExecutor.access$000(Lorg/gradle/api/internal/tasks/testing/junitplatform/JUnitPlatformTestClassProcessor$CollectAllTestClassesExecutor;)V+1
j  org.gradle.api.internal.tasks.testing.junitplatform.JUnitPlatformTestClassProcessor.stop()V+4
j  org.gradle.api.internal.tasks.testing.SuiteTestClassProcessor.stop()V+4
v  ~StubRoutines::call_stub
j  sun.reflect.NativeMethodAccessorImpl.invoke0(Ljava/lang/reflect/Method;Ljava/lang/Object;[Ljava/lang/Object;)Ljava/lang/Object;+0
j  sun.reflect.NativeMethodAccessorImpl.invoke(Ljava/lang/Object;[Ljava/lang/Object;)Ljava/lang/Object;+100
J 433 C1 sun.reflect.DelegatingMethodAccessorImpl.invoke(Ljava/lang/Object;[Ljava/lang/Object;)Ljava/lang/Object; (10 bytes) @ 0x0000000103fe2dac [0x0000000103fe2c80+0x12c]
J 432 C1 java.lang.reflect.Method.invoke(Ljava/lang/Object;[Ljava/lang/Object;)Ljava/lang/Object; (62 bytes) @ 0x0000000103fdcacc [0x0000000103fdc6a0+0x42c]
j  org.gradle.internal.dispatch.ReflectionDispatch.dispatch(Lorg/gradle/internal/dispatch/MethodInvocation;)V+19
j  org.gradle.internal.dispatch.ReflectionDispatch.dispatch(Ljava/lang/Object;)V+5
j  org.gradle.internal.dispatch.ContextClassLoaderDispatch.dispatch(Ljava/lang/Object;)V+22
j  org.gradle.internal.dispatch.ProxyDispatchAdapter$DispatchingInvocationHandler.invoke(Ljava/lang/Object;Ljava/lang/reflect/Method;[Ljava/lang/Object;)Ljava/lang/Object;+177
j  com.sun.proxy.$Proxy2.stop()V+9
j  org.gradle.api.internal.tasks.testing.worker.TestWorker$3.run()V+7
j  org.gradle.api.internal.tasks.testing.worker.TestWorker.executeAndMaintainThreadName(Ljava/lang/Runnable;)V+1
j  org.gradle.api.internal.tasks.testing.worker.TestWorker.execute(Lorg/gradle/process/internal/worker/WorkerProcessContext;)V+80
j  org.gradle.api.internal.tasks.testing.worker.TestWorker.execute(Ljava/lang/Object;)V+5
j  org.gradle.process.internal.worker.child.ActionExecutionWorker.execute(Lorg/gradle/process/internal/worker/WorkerProcessContext;)V+65
j  org.gradle.process.internal.worker.child.SystemApplicationClassLoaderWorker.call()Ljava/lang/Void;+293
j  org.gradle.process.internal.worker.child.SystemApplicationClassLoaderWorker.call()Ljava/lang/Object;+1
j  worker.org.gradle.process.internal.worker.GradleWorkerMain.run()V+250
j  worker.org.gradle.process.internal.worker.GradleWorkerMain.main([Ljava/lang/String;)V+7
v  ~StubRoutines::call_stub

---------------  P R O C E S S  ---------------

Java Threads: ( => current thread )
  0x00007fb434c36800 JavaThread "idle-connection-reaper" daemon [_thread_blocked, id=24579, stack(0x0000700009924000,0x0000700009a24000)]
  0x00007fb42b586000 JavaThread "java-sdk-http-connection-reaper" daemon [_thread_blocked, id=24323, stack(0x0000700009821000,0x0000700009921000)]
  0x00007fb42cb26800 JavaThread "/127.0.0.1:61965 to /127.0.0.1:61961 workers Thread 3" [_thread_in_native, id=23811, stack(0x000070000971e000,0x000070000981e000)]
  0x00007fb42cb27800 JavaThread "/127.0.0.1:61965 to /127.0.0.1:61961 workers Thread 2" [_thread_blocked, id=41731, stack(0x000070000961b000,0x000070000971b000)]
  0x00007fb42c31f800 JavaThread "/127.0.0.1:61965 to /127.0.0.1:61961 workers" [_thread_blocked, id=23299, stack(0x0000700009518000,0x0000700009618000)]
  0x00007fb42b04e000 JavaThread "Service Thread" daemon [_thread_blocked, id=22787, stack(0x0000700009312000,0x0000700009412000)]
  0x00007fb42b02b000 JavaThread "C1 CompilerThread3" daemon [_thread_blocked, id=42755, stack(0x000070000920f000,0x000070000930f000)]
  0x00007fb42e02d800 JavaThread "C2 CompilerThread2" daemon [_thread_blocked, id=22275, stack(0x000070000910c000,0x000070000920c000)]
  0x00007fb42d847000 JavaThread "C2 CompilerThread1" daemon [_thread_blocked, id=43267, stack(0x0000700009009000,0x0000700009109000)]
  0x00007fb42c027800 JavaThread "C2 CompilerThread0" daemon [_thread_blocked, id=16643, stack(0x0000700008f06000,0x0000700009006000)]
  0x00007fb42e02d000 JavaThread "JDWP Event Helper Thread" daemon [_thread_blocked, id=15875, stack(0x0000700008d00000,0x0000700008e00000)]
  0x00007fb42b02a000 JavaThread "Signal Dispatcher" daemon [_thread_blocked, id=15363, stack(0x0000700008afa000,0x0000700008bfa000)]
  0x00007fb42c00e000 JavaThread "Finalizer" daemon [_thread_blocked, id=18947, stack(0x00007000088f1000,0x00007000089f1000)]
  0x00007fb42d825800 JavaThread "Reference Handler" daemon [_thread_blocked, id=19459, stack(0x00007000087ee000,0x00007000088ee000)]
=>0x00007fb42d809000 JavaThread "Test worker" [_thread_in_native, id=10499, stack(0x0000700007bca000,0x0000700007cca000)]

Other Threads:
  0x00007fb42d81e800 VMThread [stack: 0x00007000086eb000,0x00007000087eb000] [id=19971]
  0x00007fb42b04f000 WatcherThread [stack: 0x0000700009415000,0x0000700009515000] [id=23043]

VM state:not at safepoint (normal execution)

VM Mutex/Monitor currently owned by a thread: None

heap address: 0x00000007a0000000, size: 512 MB, Compressed Oops mode: Zero based, Oop shift amount: 3
Narrow klass base: 0x0000000000000000, Narrow klass shift: 3
Compressed class space size: 1073741824 Address: 0x00000007c0000000

Heap:
 PSYoungGen      total 161280K, used 17760K [0x00000007b5580000, 0x00000007c0000000, 0x00000007c0000000)
  eden space 147968K, 12% used [0x00000007b5580000,0x00000007b66d8010,0x00000007be600000)
  from space 13312K, 0% used [0x00000007bf300000,0x00000007bf300000,0x00000007c0000000)
  to   space 13312K, 0% used [0x00000007be600000,0x00000007be600000,0x00000007bf300000)
 ParOldGen       total 144384K, used 11861K [0x00000007a0000000, 0x00000007a8d00000, 0x00000007b5580000)
  object space 144384K, 8% used [0x00000007a0000000,0x00000007a0b95508,0x00000007a8d00000)
 Metaspace       used 35488K, capacity 37898K, committed 38016K, reserved 1081344K
  class space    used 4644K, capacity 5208K, committed 5248K, reserved 1048576K

Card table byte_map: [0x0000000100d5c000,0x0000000100e5d000] byte_map_base: 0x00000000fd05c000

Marking Bits: (ParMarkBitMap*) 0x0000000101d65fa8
 Begin Bits: [0x0000000102481000, 0x0000000102c81000)
 End Bits:   [0x0000000102c81000, 0x0000000103481000)

Polling page: 0x0000000100859000

CodeCache: size=245760Kb used=9130Kb max_used=9183Kb free=236629Kb
 bounds [0x0000000103de8000, 0x00000001046f8000, 0x0000000112de8000]
 total_blobs=2828 nmethods=2361 adapters=388
 compilation: enabled

Compilation events (10 events):
Event: 3.901 Thread 0x00007fb42d847000 nmethod 2364 0x00000001046b2710 code [0x00000001046b2940, 0x00000001046b3600]
Event: 3.923 Thread 0x00007fb42e02d800 2367       4       sun.invoke.util.BytecodeDescriptor::unparseSig (75 bytes)
Event: 3.962 Thread 0x00007fb42e02d800 nmethod 2367 0x00000001046bc710 code [0x00000001046bc960, 0x00000001046be3f8]
Event: 4.043 Thread 0x00007fb42c027800 nmethod 2085 0x00000001046cbc90 code [0x00000001046cc9e0, 0x00000001046d7220]
Event: 50725.948 Thread 0x00007fb42b02b000 2368       1       java.lang.AbstractStringBuilder::length (5 bytes)
Event: 50725.958 Thread 0x00007fb42b02b000 nmethod 2368 0x0000000103eee0d0 code [0x0000000103eee220, 0x0000000103eee330]
Event: 50725.978 Thread 0x00007fb42b02b000 2369       3       software.amazon.awssdk.utils.ToString::add (97 bytes)
Event: 50726.011 Thread 0x00007fb42b02b000 nmethod 2369 0x00000001046a9f90 code [0x00000001046aa260, 0x00000001046ab718]
Event: 65626.676 Thread 0x00007fb42e02d800 2370       4       java.util.HashMap::<init> (11 bytes)
Event: 65626.723 Thread 0x00007fb42e02d800 nmethod 2370 0x0000000103eede90 code [0x0000000103eedfe0, 0x0000000103eee038]

GC Heap History (10 events):
Event: 2.038 GC heap before
{Heap before GC invocations=4 (full 0):
 PSYoungGen      total 76288K, used 63875K [0x00000007b5580000, 0x00000007bea80000, 0x00000007c0000000)
  eden space 65536K, 86% used [0x00000007b5580000,0x00000007b8c9c1f8,0x00000007b9580000)
  from space 10752K, 69% used [0x00000007b9580000,0x00000007b9cc4df8,0x00000007ba000000)
  to   space 10752K, 0% used [0x00000007be000000,0x00000007be000000,0x00000007bea80000)
 ParOldGen       total 175104K, used 32K [0x00000007a0000000, 0x00000007aab00000, 0x00000007b5580000)
  object space 175104K, 0% used [0x00000007a0000000,0x00000007a0008000,0x00000007aab00000)
 Metaspace       used 19885K, capacity 21170K, committed 21296K, reserved 1067008K
  class space    used 2599K, capacity 2911K, committed 2944K, reserved 1048576K
Event: 2.045 GC heap after
Heap after GC invocations=4 (full 0):
 PSYoungGen      total 141824K, used 7625K [0x00000007b5580000, 0x00000007bea80000, 0x00000007c0000000)
  eden space 131072K, 0% used [0x00000007b5580000,0x00000007b5580000,0x00000007bd580000)
  from space 10752K, 70% used [0x00000007be000000,0x00000007be772710,0x00000007bea80000)
  to   space 10752K, 0% used [0x00000007bd580000,0x00000007bd580000,0x00000007be000000)
 ParOldGen       total 175104K, used 40K [0x00000007a0000000, 0x00000007aab00000, 0x00000007b5580000)
  object space 175104K, 0% used [0x00000007a0000000,0x00000007a000a000,0x00000007aab00000)
 Metaspace       used 19885K, capacity 21170K, committed 21296K, reserved 1067008K
  class space    used 2599K, capacity 2911K, committed 2944K, reserved 1048576K
}
Event: 2.045 GC heap before
{Heap before GC invocations=5 (full 1):
 PSYoungGen      total 141824K, used 7625K [0x00000007b5580000, 0x00000007bea80000, 0x00000007c0000000)
  eden space 131072K, 0% used [0x00000007b5580000,0x00000007b5580000,0x00000007bd580000)
  from space 10752K, 70% used [0x00000007be000000,0x00000007be772710,0x00000007bea80000)
  to   space 10752K, 0% used [0x00000007bd580000,0x00000007bd580000,0x00000007be000000)
 ParOldGen       total 175104K, used 40K [0x00000007a0000000, 0x00000007aab00000, 0x00000007b5580000)
  object space 175104K, 0% used [0x00000007a0000000,0x00000007a000a000,0x00000007aab00000)
 Metaspace       used 19885K, capacity 21170K, committed 21296K, reserved 1067008K
  class space    used 2599K, capacity 2911K, committed 2944K, reserved 1048576K
Event: 2.073 GC heap after
Heap after GC invocations=5 (full 1):
 PSYoungGen      total 141824K, used 0K [0x00000007b5580000, 0x00000007bea80000, 0x00000007c0000000)
  eden space 131072K, 0% used [0x00000007b5580000,0x00000007b5580000,0x00000007bd580000)
  from space 10752K, 0% used [0x00000007be000000,0x00000007be000000,0x00000007bea80000)
  to   space 10752K, 0% used [0x00000007bd580000,0x00000007bd580000,0x00000007be000000)
 ParOldGen       total 99328K, used 7339K [0x00000007a0000000, 0x00000007a6100000, 0x00000007b5580000)
  object space 99328K, 7% used [0x00000007a0000000,0x00000007a072afb8,0x00000007a6100000)
 Metaspace       used 19885K, capacity 21170K, committed 21296K, reserved 1067008K
  class space    used 2599K, capacity 2911K, committed 2944K, reserved 1048576K
}
Event: 3.391 GC heap before
{Heap before GC invocations=6 (full 1):
 PSYoungGen      total 141824K, used 131072K [0x00000007b5580000, 0x00000007bea80000, 0x00000007c0000000)
  eden space 131072K, 100% used [0x00000007b5580000,0x00000007bd580000,0x00000007bd580000)
  from space 10752K, 0% used [0x00000007be000000,0x00000007be000000,0x00000007bea80000)
  to   space 10752K, 0% used [0x00000007bd580000,0x00000007bd580000,0x00000007be000000)
 ParOldGen       total 99328K, used 7339K [0x00000007a0000000, 0x00000007a6100000, 0x00000007b5580000)
  object space 99328K, 7% used [0x00000007a0000000,0x00000007a072afb8,0x00000007a6100000)
 Metaspace       used 31855K, capacity 34102K, committed 34176K, reserved 1079296K
  class space    used 4148K, capacity 4674K, committed 4736K, reserved 1048576K
Event: 3.413 GC heap after
Heap after GC invocations=6 (full 1):
 PSYoungGen      total 141824K, used 10727K [0x00000007b5580000, 0x00000007c0000000, 0x00000007c0000000)
  eden space 131072K, 0% used [0x00000007b5580000,0x00000007b5580000,0x00000007bd580000)
  from space 10752K, 99% used [0x00000007bd580000,0x00000007bdff9df0,0x00000007be000000)
  to   space 13312K, 0% used [0x00000007bf300000,0x00000007bf300000,0x00000007c0000000)
 ParOldGen       total 99328K, used 11732K [0x00000007a0000000, 0x00000007a6100000, 0x00000007b5580000)
  object space 99328K, 11% used [0x00000007a0000000,0x00000007a0b753d0,0x00000007a6100000)
 Metaspace       used 31855K, capacity 34102K, committed 34176K, reserved 1079296K
  class space    used 4148K, capacity 4674K, committed 4736K, reserved 1048576K
}
Event: 3.575 GC heap before
{Heap before GC invocations=7 (full 1):
 PSYoungGen      total 141824K, used 21223K [0x00000007b5580000, 0x00000007c0000000, 0x00000007c0000000)
  eden space 131072K, 8% used [0x00000007b5580000,0x00000007b5fc0008,0x00000007bd580000)
  from space 10752K, 99% used [0x00000007bd580000,0x00000007bdff9df0,0x00000007be000000)
  to   space 13312K, 0% used [0x00000007bf300000,0x00000007bf300000,0x00000007c0000000)
 ParOldGen       total 99328K, used 11732K [0x00000007a0000000, 0x00000007a6100000, 0x00000007b5580000)
  object space 99328K, 11% used [0x00000007a0000000,0x00000007a0b753d0,0x00000007a6100000)
 Metaspace       used 33178K, capacity 35426K, committed 35496K, reserved 1079296K
  class space    used 4310K, capacity 4836K, committed 4864K, reserved 1048576K
Event: 3.583 GC heap after
Heap after GC invocations=7 (full 1):
 PSYoungGen      total 161280K, used 6094K [0x00000007b5580000, 0x00000007c0000000, 0x00000007c0000000)
  eden space 147968K, 0% used [0x00000007b5580000,0x00000007b5580000,0x00000007be600000)
  from space 13312K, 45% used [0x00000007bf300000,0x00000007bf8f39c0,0x00000007c0000000)
  to   space 13312K, 0% used [0x00000007be600000,0x00000007be600000,0x00000007bf300000)
 ParOldGen       total 99328K, used 11732K [0x00000007a0000000, 0x00000007a6100000, 0x00000007b5580000)
  object space 99328K, 11% used [0x00000007a0000000,0x00000007a0b753d0,0x00000007a6100000)
 Metaspace       used 33178K, capacity 35426K, committed 35496K, reserved 1079296K
  class space    used 4310K, capacity 4836K, committed 4864K, reserved 1048576K
}
Event: 3.583 GC heap before
{Heap before GC invocations=8 (full 2):
 PSYoungGen      total 161280K, used 6094K [0x00000007b5580000, 0x00000007c0000000, 0x00000007c0000000)
  eden space 147968K, 0% used [0x00000007b5580000,0x00000007b5580000,0x00000007be600000)
  from space 13312K, 45% used [0x00000007bf300000,0x00000007bf8f39c0,0x00000007c0000000)
  to   space 13312K, 0% used [0x00000007be600000,0x00000007be600000,0x00000007bf300000)
 ParOldGen       total 99328K, used 11732K [0x00000007a0000000, 0x00000007a6100000, 0x00000007b5580000)
  object space 99328K, 11% used [0x00000007a0000000,0x00000007a0b753d0,0x00000007a6100000)
 Metaspace       used 33178K, capacity 35426K, committed 35496K, reserved 1079296K
  class space    used 4310K, capacity 4836K, committed 4864K, reserved 1048576K
Event: 3.618 GC heap after
Heap after GC invocations=8 (full 2):
 PSYoungGen      total 161280K, used 0K [0x00000007b5580000, 0x00000007c0000000, 0x00000007c0000000)
  eden space 147968K, 0% used [0x00000007b5580000,0x00000007b5580000,0x00000007be600000)
  from space 13312K, 0% used [0x00000007bf300000,0x00000007bf300000,0x00000007c0000000)
  to   space 13312K, 0% used [0x00000007be600000,0x00000007be600000,0x00000007bf300000)
 ParOldGen       total 144384K, used 11861K [0x00000007a0000000, 0x00000007a8d00000, 0x00000007b5580000)
  object space 144384K, 8% used [0x00000007a0000000,0x00000007a0b95508,0x00000007a8d00000)
 Metaspace       used 33178K, capacity 35426K, committed 35496K, reserved 1079296K
  class space    used 4310K, capacity 4836K, committed 4864K, reserved 1048576K
}

Deoptimization events (10 events):
Event: 3.508 Thread 0x00007fb42d809000 Uncommon trap: reason=predicate action=maybe_recompile pc=0x0000000104261b9c method=sun.net.www.ParseUtil.encodePath(Ljava/lang/String;Z)Ljava/lang/String; @ 36
Event: 3.562 Thread 0x00007fb42d809000 Uncommon trap: reason=unstable_if action=reinterpret pc=0x000000010436f50c method=java.util.HashMap.putVal(ILjava/lang/Object;Ljava/lang/Object;ZZ)Ljava/lang/Object; @ 162
Event: 3.713 Thread 0x00007fb42d809000 Uncommon trap: reason=unstable_if action=reinterpret pc=0x00000001042287c4 method=java.lang.CharacterDataLatin1.isWhitespace(I)Z @ 14
Event: 3.720 Thread 0x00007fb42d809000 Uncommon trap: reason=unstable_if action=reinterpret pc=0x0000000104091ef0 method=sun.nio.cs.UTF_8$Decoder.decode([BII[C)I @ 30
Event: 3.720 Thread 0x00007fb42d809000 Uncommon trap: reason=class_check action=maybe_recompile pc=0x000000010439d644 method=java.lang.Character.toUpperCaseEx(I)I @ 26
Event: 3.720 Thread 0x00007fb42d809000 Uncommon trap: reason=class_check action=maybe_recompile pc=0x000000010439d644 method=java.lang.Character.toUpperCaseEx(I)I @ 26
Event: 3.745 Thread 0x00007fb42d809000 Uncommon trap: reason=class_check action=maybe_recompile pc=0x0000000104649160 method=sun.security.util.math.intpoly.IntegerPolynomial$MutableElement.setSum(Lsun/security/util/math/IntegerModuloP;)Lsun/security/util/math/intpoly/IntegerPolynomial$MutableE
Event: 3.745 Thread 0x00007fb42d809000 Uncommon trap: reason=class_check action=maybe_recompile pc=0x0000000104649160 method=sun.security.util.math.intpoly.IntegerPolynomial$MutableElement.setSum(Lsun/security/util/math/IntegerModuloP;)Lsun/security/util/math/intpoly/IntegerPolynomial$MutableE
Event: 3.745 Thread 0x00007fb42d809000 Uncommon trap: reason=class_check action=maybe_recompile pc=0x0000000104649160 method=sun.security.util.math.intpoly.IntegerPolynomial$MutableElement.setSum(Lsun/security/util/math/IntegerModuloP;)Lsun/security/util/math/intpoly/IntegerPolynomial$MutableE
Event: 3.745 Thread 0x00007fb42d809000 Uncommon trap: reason=class_check action=maybe_recompile pc=0x0000000104649160 method=sun.security.util.math.intpoly.IntegerPolynomial$MutableElement.setSum(Lsun/security/util/math/IntegerModuloP;)Lsun/security/util/math/intpoly/IntegerPolynomial$MutableE

Classes redefined (0 events):
No events

Internal exceptions (10 events):
Event: 2.287 Thread 0x00007fb42b586000 Implicit null exception at 0x0000000104486812 to 0x0000000104486989
Event: 2.407 Thread 0x00007fb42d809000 Exception <a 'java/lang/NoClassDefFoundError': org/slf4j/impl/StaticLoggerBinder> (0x00000007b8591c78) thrown at [/Users/jenkins/workspace/build-scripts/jobs/jdk8u/jdk8u-mac-x64-temurin/workspace/build/src/hotspot/src/share/vm/classfile/systemDictionary.c
Event: 2.451 Thread 0x00007fb42d809000 Exception <a 'java/lang/IncompatibleClassChangeError': Found class java.lang.Object, but interface was expected> (0x00000007b8c22350) thrown at [/Users/jenkins/workspace/build-scripts/jobs/jdk8u/jdk8u-mac-x64-temurin/workspace/build/src/hotspot/src/share/
Event: 2.475 Thread 0x00007fb42d809000 Exception <a 'java/lang/NoSuchMethodError': java.lang.Object.lambda$getStringValueOrThrow$0()Ljava/lang/IllegalStateException;> (0x00000007b8da3310) thrown at [/Users/jenkins/workspace/build-scripts/jobs/jdk8u/jdk8u-mac-x64-temurin/workspace/build/src/hot
Event: 2.482 Thread 0x00007fb42d809000 Exception <a 'java/lang/NoSuchMethodError': java.lang.Object.lambda$getBooleanValue$1(Ljava/lang/String;)Ljava/lang/Boolean;> (0x00000007b8ea2e28) thrown at [/Users/jenkins/workspace/build-scripts/jobs/jdk8u/jdk8u-mac-x64-temurin/workspace/build/src/hotsp
Event: 2.666 Thread 0x00007fb42d809000 Exception <a 'java/lang/IncompatibleClassChangeError': Found class java.lang.Object, but interface was expected> (0x00000007ba1e8280) thrown at [/Users/jenkins/workspace/build-scripts/jobs/jdk8u/jdk8u-mac-x64-temurin/workspace/build/src/hotspot/src/share/
Event: 3.178 Thread 0x00007fb42d809000 Implicit null exception at 0x00000001045342c2 to 0x000000010453489d
Event: 3.268 Thread 0x00007fb42d809000 Exception <a 'java/lang/NoSuchMethodError': java.lang.Object.lambda$getUri$0(Ljava/lang/String;)Ljava/lang/String;> (0x00000007bc9e4990) thrown at [/Users/jenkins/workspace/build-scripts/jobs/jdk8u/jdk8u-mac-x64-temurin/workspace/build/src/hotspot/src/sha
Event: 3.318 Thread 0x00007fb42d809000 Implicit null exception at 0x0000000104397e7a to 0x0000000104398439
Event: 65626.433 Thread 0x00007fb434c36800 Exception <a 'java/net/SocketException'> (0x00000007b65e6b38) thrown at [/Users/jenkins/workspace/build-scripts/jobs/jdk8u/jdk8u-mac-x64-temurin/workspace/build/src/hotspot/src/share/vm/prims/jni.cpp, line 711]

Events (10 events):
Event: 65626.861 loading class software/amazon/cryptography/dynamoDbEncryptionMiddleware/internal/model/TransactGetItemsInputTransformInput
Event: 65626.861 loading class software/amazon/cryptography/dynamoDbEncryptionMiddleware/internal/model/TransactGetItemsInputTransformInput done
Event: 65626.861 Executing VM operation: RevokeBias
Event: 65626.862 Executing VM operation: RevokeBias done
Event: 65626.862 Thread 0x00007fb42d809000 DEOPT PACKING pc=0x00000001044aefa0 sp=0x0000700007cc4d80
Event: 65626.863 Thread 0x00007fb42d809000 DEOPT UNPACKING pc=0x0000000103e2f4c4 sp=0x0000700007cc4ac0 mode 1
Event: 65626.863 Executing VM operation: RevokeBias
Event: 65626.863 Executing VM operation: RevokeBias done
Event: 65626.864 Thread 0x00007fb42d809000 DEOPT PACKING pc=0x00000001044aee8c sp=0x0000700007cc4e10
Event: 65626.864 Thread 0x00007fb42d809000 DEOPT UNPACKING pc=0x0000000103e2f4c4 sp=0x0000700007cc4b50 mode 1


Dynamic libraries:
0x00007ff818235000 	/System/Library/Frameworks/Cocoa.framework/Versions/A/Cocoa
0x00007ff803e89000 	/System/Library/Frameworks/AppKit.framework/Versions/C/AppKit
0x00007ff8073a0000 	/System/Library/Frameworks/CoreData.framework/Versions/A/CoreData
0x00007ff80228c000 	/System/Library/Frameworks/Foundation.framework/Versions/C/Foundation
0x00007ff80c1c3000 	/usr/lib/libSystem.B.dylib
0x00007ff804d19000 	/System/Library/PrivateFrameworks/UIFoundation.framework/Versions/A/UIFoundation
0x00007ff812136000 	/System/Library/PrivateFrameworks/RemoteViewServices.framework/Versions/A/RemoteViewServices
0x00007ff80a417000 	/System/Library/PrivateFrameworks/XCTTargetBootstrap.framework/Versions/A/XCTTargetBootstrap
0x00007ff80dfcc000 	/System/Library/PrivateFrameworks/InternationalSupport.framework/Versions/A/InternationalSupport
0x00007ff80e056000 	/System/Library/PrivateFrameworks/UserActivity.framework/Versions/A/UserActivity
0x00007ff80d3aa000 	/usr/lib/libspindump.dylib
0x00007ff804fa8000 	/System/Library/Frameworks/UniformTypeIdentifiers.framework/Versions/A/UniformTypeIdentifiers
0x00007ff808b3b000 	/usr/lib/libapp_launch_measurement.dylib
0x00007ff807d72000 	/System/Library/PrivateFrameworks/CoreAnalytics.framework/Versions/A/CoreAnalytics
0x00007ff808b3e000 	/System/Library/PrivateFrameworks/CoreAutoLayout.framework/Versions/A/CoreAutoLayout
0x00007ff809d6e000 	/System/Library/Frameworks/Metal.framework/Versions/A/Metal
0x00007ff80aa9d000 	/usr/lib/liblangid.dylib
0x00007ff80a41c000 	/System/Library/PrivateFrameworks/CoreSVG.framework/Versions/A/CoreSVG
0x00007ff806394000 	/System/Library/PrivateFrameworks/SkyLight.framework/Versions/A/SkyLight
0x00007ff806733000 	/System/Library/Frameworks/CoreGraphics.framework/Versions/A/CoreGraphics
0x00007ff8127f6000 	/System/Library/Frameworks/Accelerate.framework/Versions/A/Accelerate
0x00007ff80ce29000 	/System/Library/PrivateFrameworks/IconServices.framework/Versions/A/IconServices
0x00007ff809d53000 	/System/Library/Frameworks/IOSurface.framework/Versions/A/IOSurface
0x00007ff807da0000 	/usr/lib/libDiagnosticMessagesClient.dylib
0x00007ff80c0e3000 	/usr/lib/libz.1.dylib
0x00007ff815ed9000 	/System/Library/Frameworks/ApplicationServices.framework/Versions/A/ApplicationServices
0x00007ff80a403000 	/System/Library/PrivateFrameworks/DFRFoundation.framework/Versions/A/DFRFoundation
0x00007ff803771000 	/usr/lib/libicucore.A.dylib
0x00007ff80edc2000 	/System/Library/Frameworks/AudioToolbox.framework/Versions/A/AudioToolbox
0x00007ff80dfd8000 	/System/Library/PrivateFrameworks/DataDetectorsCore.framework/Versions/A/DataDetectorsCore
0x00007ff90a4d3000 	/System/Library/PrivateFrameworks/TextInput.framework/Versions/A/TextInput
0x00007ff806317000 	/usr/lib/libMobileGestalt.dylib
0x00007ff80a10f000 	/System/Library/Frameworks/Carbon.framework/Versions/A/Frameworks/HIToolbox.framework/Versions/A/HIToolbox
0x00007ff80853d000 	/System/Library/Frameworks/QuartzCore.framework/Versions/A/QuartzCore
0x00007ff803416000 	/System/Library/Frameworks/Security.framework/Versions/A/Security
0x00007ff81216e000 	/System/Library/Frameworks/Carbon.framework/Versions/A/Frameworks/SpeechRecognition.framework/Versions/A/SpeechRecognition
0x00007ff80889b000 	/System/Library/PrivateFrameworks/CoreUI.framework/Versions/A/CoreUI
0x00007ff802ce0000 	/System/Library/Frameworks/CoreAudio.framework/Versions/A/CoreAudio
0x00007ff807e8f000 	/System/Library/Frameworks/DiskArbitration.framework/Versions/A/DiskArbitration
0x00007ff80d798000 	/System/Library/PrivateFrameworks/MultitouchSupport.framework/Versions/A/MultitouchSupport
0x00007ff806316000 	/usr/lib/libenergytrace.dylib
0x00007ff803d75000 	/System/Library/Frameworks/IOKit.framework/Versions/A/IOKit
0x00007ff81255e000 	/System/Library/Frameworks/CoreServices.framework/Versions/A/CoreServices
0x00007ff808ad5000 	/System/Library/PrivateFrameworks/PerformanceAnalysis.framework/Versions/A/PerformanceAnalysis
0x00007ffa1a1b5000 	/System/Library/Frameworks/OpenGL.framework/Versions/A/OpenGL
0x00007ff80b6ff000 	/System/Library/PrivateFrameworks/MobileKeyBag.framework/Versions/A/MobileKeyBag
0x00007ff801256000 	/usr/lib/libobjc.A.dylib
0x00007ff806dff000 	/System/Library/Frameworks/ColorSync.framework/Versions/A/ColorSync
0x00007ff801410000 	/System/Library/Frameworks/CoreFoundation.framework/Versions/A/CoreFoundation
0x00007ff80a693000 	/System/Library/Frameworks/CoreImage.framework/Versions/A/CoreImage
0x00007ff802af4000 	/System/Library/Frameworks/CoreText.framework/Versions/A/CoreText
0x00007ff80a44c000 	/System/Library/Frameworks/ImageIO.framework/Versions/A/ImageIO
0x00007ff80c1c9000 	/System/Library/PrivateFrameworks/SoftLinking.framework/Versions/A/SoftLinking
0x00007ff808b86000 	/usr/lib/libxml2.2.dylib
0x00007ff80131c000 	/usr/lib/libc++.1.dylib
0x00007ff80c44d000 	/usr/lib/libcompression.dylib
0x00007ff80deff000 	/System/Library/PrivateFrameworks/TextureIO.framework/Versions/A/TextureIO
0x00007ff80cb3b000 	/usr/lib/libate.dylib
0x00007ff80c1be000 	/usr/lib/system/libcache.dylib
0x00007ff80c17a000 	/usr/lib/system/libcommonCrypto.dylib
0x00007ff80c1a3000 	/usr/lib/system/libcompiler_rt.dylib
0x00007ff80c199000 	/usr/lib/system/libcopyfile.dylib
0x00007ff801151000 	/usr/lib/system/libcorecrypto.dylib
0x00007ff80120f000 	/usr/lib/system/libdispatch.dylib
0x00007ff8013cf000 	/usr/lib/system/libdyld.dylib
0x00007ff80c1b5000 	/usr/lib/system/libkeymgr.dylib
0x00007ff80c158000 	/usr/lib/system/libmacho.dylib
0x00007ff80b7d9000 	/usr/lib/system/libquarantine.dylib
0x00007ff80c1b3000 	/usr/lib/system/libremovefile.dylib
0x00007ff806364000 	/usr/lib/system/libsystem_asl.dylib
0x00007ff8010fa000 	/usr/lib/system/libsystem_blocks.dylib
0x00007ff801293000 	/usr/lib/system/libsystem_c.dylib
0x00007ff80c1ab000 	/usr/lib/system/libsystem_collections.dylib
0x00007ff80aa8d000 	/usr/lib/system/libsystem_configuration.dylib
0x00007ff809d36000 	/usr/lib/system/libsystem_containermanager.dylib
0x00007ff80be90000 	/usr/lib/system/libsystem_coreservices.dylib
0x00007ff803a05000 	/usr/lib/system/libsystem_darwin.dylib
0x00007ff80c1b6000 	/usr/lib/system/libsystem_dnssd.dylib
0x00007ff801290000 	/usr/lib/system/libsystem_featureflags.dylib
0x00007ff8013e5000 	/usr/lib/system/libsystem_info.dylib
0x00007ff80c0f6000 	/usr/lib/system/libsystem_m.dylib
0x00007ff8011e3000 	/usr/lib/system/libsystem_malloc.dylib
0x00007ff8062ff000 	/usr/lib/system/libsystem_networkextension.dylib
0x00007ff803e2b000 	/usr/lib/system/libsystem_notify.dylib
0x00007ff812433000 	/usr/lib/system/libsystem_product_info_filter.dylib
0x00007ff80aa91000 	/usr/lib/system/libsystem_sandbox.dylib
0x00007ff80c1b0000 	/usr/lib/system/libsystem_secinit.dylib
0x00007ff80138b000 	/usr/lib/system/libsystem_kernel.dylib
0x00007ff8013db000 	/usr/lib/system/libsystem_platform.dylib
0x00007ff8013c3000 	/usr/lib/system/libsystem_pthread.dylib
0x00007ff807bb2000 	/usr/lib/system/libsystem_symptoms.dylib
0x00007ff801138000 	/usr/lib/system/libsystem_trace.dylib
0x00007ff80c186000 	/usr/lib/system/libunwind.dylib
0x00007ff8010fc000 	/usr/lib/system/libxpc.dylib
0x00007ff801375000 	/usr/lib/libc++abi.dylib
0x00007ff80c191000 	/usr/lib/liboah.dylib
0x00007ff80c917000 	/usr/lib/liblzma.5.dylib
0x00007ff801f9e000 	/System/Library/Frameworks/SystemConfiguration.framework/Versions/A/SystemConfiguration
0x00007ff80c1c5000 	/usr/lib/libfakelink.dylib
0x00007ff805e6f000 	/System/Library/Frameworks/CFNetwork.framework/Versions/A/CFNetwork
0x00007ff80c306000 	/usr/lib/libarchive.2.dylib
0x00007ff80aa99000 	/System/Library/PrivateFrameworks/AppleSystemInfo.framework/Versions/A/AppleSystemInfo
0x00007ff80b800000 	/usr/lib/libbsm.0.dylib
0x00007ff80547e000 	/usr/lib/libnetwork.dylib
0x00007ff80c15e000 	/usr/lib/system/libkxld.dylib
0x00007ff80b433000 	/System/Library/PrivateFrameworks/IOMobileFramebuffer.framework/Versions/A/IOMobileFramebuffer
0x00007ffb19b84000 	/usr/lib/libCoreEntitlements.dylib
0x00007ff80be72000 	/System/Library/PrivateFrameworks/AppleFSCompression.framework/Versions/A/AppleFSCompression
0x00007ff80b7e8000 	/usr/lib/libcoretls.dylib
0x00007ff80c931000 	/usr/lib/libcoretls_cfhelpers.dylib
0x00007ff80c448000 	/usr/lib/libpam.2.dylib
0x00007ff8077d1000 	/usr/lib/libsqlite3.dylib
0x00007ff80c9a0000 	/usr/lib/libxar.1.dylib
0x00007ff80be82000 	/usr/lib/libbz2.1.0.dylib
0x00007ff80c1ca000 	/usr/lib/libpcap.A.dylib
0x00007ff807baa000 	/usr/lib/libdns_services.dylib
0x00007ff80c418000 	/usr/lib/libapple_nghttp2.dylib
0x00007ff80c204000 	/usr/lib/libiconv.2.dylib
0x00007ff80c157000 	/usr/lib/libcharset.1.dylib
0x00007ff808b09000 	/System/Library/Frameworks/CoreServices.framework/Versions/A/Frameworks/FSEvents.framework/Versions/A/FSEvents
0x00007ff803a0f000 	/System/Library/Frameworks/CoreServices.framework/Versions/A/Frameworks/CarbonCore.framework/Versions/A/CarbonCore
0x00007ff807df3000 	/System/Library/Frameworks/CoreServices.framework/Versions/A/Frameworks/Metadata.framework/Versions/A/Metadata
0x00007ff80be95000 	/System/Library/Frameworks/CoreServices.framework/Versions/A/Frameworks/OSServices.framework/Versions/A/OSServices
0x00007ff80c38d000 	/System/Library/Frameworks/CoreServices.framework/Versions/A/Frameworks/SearchKit.framework/Versions/A/SearchKit
0x00007ff807b3c000 	/System/Library/Frameworks/CoreServices.framework/Versions/A/Frameworks/AE.framework/Versions/A/AE
0x00007ff801913000 	/System/Library/Frameworks/CoreServices.framework/Versions/A/Frameworks/LaunchServices.framework/Versions/A/LaunchServices
0x00007ff80c8c8000 	/System/Library/Frameworks/CoreServices.framework/Versions/A/Frameworks/DictionaryServices.framework/Versions/A/DictionaryServices
0x00007ff808b16000 	/System/Library/Frameworks/CoreServices.framework/Versions/A/Frameworks/SharedFileList.framework/Versions/A/SharedFileList
0x00007ff80b7dc000 	/usr/lib/libCheckFix.dylib
0x00007ff80637b000 	/System/Library/PrivateFrameworks/TCC.framework/Versions/A/TCC
0x00007ff80aa9f000 	/System/Library/PrivateFrameworks/CoreNLP.framework/Versions/A/CoreNLP
0x00007ff807da3000 	/System/Library/PrivateFrameworks/MetadataUtilities.framework/Versions/A/MetadataUtilities
0x00007ff80204f000 	/usr/lib/libmecabra.dylib
0x00007ff80b810000 	/usr/lib/libmecab.dylib
0x00007ff80201a000 	/usr/lib/libCRFSuite.dylib
0x00007ff80b86a000 	/usr/lib/libgermantok.dylib
0x00007ff80c3f3000 	/usr/lib/libThaiTokenizer.dylib
0x00007ff807e96000 	/System/Library/Frameworks/Accelerate.framework/Versions/A/Frameworks/vImage.framework/Versions/A/vImage
0x00007ff812535000 	/System/Library/Frameworks/Accelerate.framework/Versions/A/Frameworks/vecLib.framework/Versions/A/vecLib
0x00007ff80c9e1000 	/System/Library/Frameworks/Accelerate.framework/Versions/A/Frameworks/vecLib.framework/Versions/A/libvMisc.dylib
0x00007ff80b25e000 	/System/Library/Frameworks/Accelerate.framework/Versions/A/Frameworks/vecLib.framework/Versions/A/libvDSP.dylib
0x00007ff801c8e000 	/System/Library/Frameworks/Accelerate.framework/Versions/A/Frameworks/vecLib.framework/Versions/A/libBLAS.dylib
0x00007ff80c52a000 	/System/Library/Frameworks/Accelerate.framework/Versions/A/Frameworks/vecLib.framework/Versions/A/libLAPACK.dylib
0x00007ff80b86d000 	/System/Library/Frameworks/Accelerate.framework/Versions/A/Frameworks/vecLib.framework/Versions/A/libLinearAlgebra.dylib
0x00007ff80c430000 	/System/Library/Frameworks/Accelerate.framework/Versions/A/Frameworks/vecLib.framework/Versions/A/libSparseBLAS.dylib
0x00007ff80c524000 	/System/Library/Frameworks/Accelerate.framework/Versions/A/Frameworks/vecLib.framework/Versions/A/libQuadrature.dylib
0x00007ff80ab8a000 	/System/Library/Frameworks/Accelerate.framework/Versions/A/Frameworks/vecLib.framework/Versions/A/libBNNS.dylib
0x00007ff801f28000 	/System/Library/Frameworks/Accelerate.framework/Versions/A/Frameworks/vecLib.framework/Versions/A/libSparse.dylib
0x00007ff80ab83000 	/System/Library/PrivateFrameworks/LinguisticData.framework/Versions/A/LinguisticData
0x00007ff801ede000 	/System/Library/PrivateFrameworks/Lexicon.framework/Versions/A/Lexicon
0x00007ff80c9da000 	/usr/lib/libChineseTokenizer.dylib
0x00007ff802649000 	/System/Library/PrivateFrameworks/LanguageModeling.framework/Versions/A/LanguageModeling
0x00007ff80c3f5000 	/System/Library/PrivateFrameworks/AppleSauce.framework/Versions/A/AppleSauce
0x00007ff80b421000 	/System/Library/PrivateFrameworks/CoreEmoji.framework/Versions/A/CoreEmoji
0x00007ff80c2f5000 	/usr/lib/libcmph.dylib
0x00007ff808aed000 	/System/Library/Frameworks/OpenDirectory.framework/Versions/A/Frameworks/CFOpenDirectory.framework/Versions/A/CFOpenDirectory
0x00007ff808ae1000 	/System/Library/Frameworks/OpenDirectory.framework/Versions/A/OpenDirectory
0x00007ff80c933000 	/System/Library/PrivateFrameworks/APFS.framework/Versions/A/APFS
0x00007ff80b737000 	/System/Library/Frameworks/SecurityFoundation.framework/Versions/A/SecurityFoundation
0x00007ff80c9ae000 	/usr/lib/libutil.dylib
0x00007ff803d39000 	/System/Library/PrivateFrameworks/CoreServicesStore.framework/Versions/A/CoreServicesStore
0x00007ff80c9b2000 	/usr/lib/libxslt.1.dylib
0x00007ff80b7c4000 	/System/Library/PrivateFrameworks/BackgroundTaskManagement.framework/Versions/A/BackgroundTaskManagement
0x00007ff80de1f000 	/System/Library/Frameworks/ImageIO.framework/Versions/A/Resources/libRadiance.dylib
0x00007ff80de28000 	/System/Library/Frameworks/ImageIO.framework/Versions/A/Resources/libJPEG.dylib
0x00007ff80dd77000 	/System/Library/Frameworks/ImageIO.framework/Versions/A/Resources/libPng.dylib
0x00007ff80dd98000 	/System/Library/Frameworks/ImageIO.framework/Versions/A/Resources/libTIFF.dylib
0x00007ff80de88000 	/System/Library/Frameworks/ImageIO.framework/Versions/A/Resources/libGIF.dylib
0x00007ff80d6b2000 	/System/Library/Frameworks/ImageIO.framework/Versions/A/Resources/libJP2.dylib
0x00007ff80cdf0000 	/usr/lib/libexpat.1.dylib
0x00007ff80d667000 	/System/Library/PrivateFrameworks/AppleJPEG.framework/Versions/A/AppleJPEG
0x00007ff809fd3000 	/System/Library/PrivateFrameworks/FontServices.framework/libFontParser.dylib
0x00007ff807ae6000 	/System/Library/PrivateFrameworks/RunningBoardServices.framework/Versions/A/RunningBoardServices
0x00007ff8187f0000 	/System/Library/PrivateFrameworks/IOSurfaceAccelerator.framework/Versions/A/IOSurfaceAccelerator
0x00007ff80d794000 	/System/Library/PrivateFrameworks/WatchdogClient.framework/Versions/A/WatchdogClient
0x00007ff802737000 	/System/Library/Frameworks/CoreDisplay.framework/Versions/A/CoreDisplay
0x00007ff809ed1000 	/System/Library/Frameworks/CoreMedia.framework/Versions/A/CoreMedia
0x00007ff809d65000 	/System/Library/PrivateFrameworks/IOAccelerator.framework/Versions/A/IOAccelerator
0x00007ff808c6a000 	/System/Library/Frameworks/CoreVideo.framework/Versions/A/CoreVideo
0x00007ff80c446000 	/System/Library/Frameworks/MetalPerformanceShaders.framework/Versions/A/MetalPerformanceShaders
0x00007ff80d7d1000 	/System/Library/Frameworks/VideoToolbox.framework/Versions/A/VideoToolbox
0x00007ff807a30000 	/System/Library/PrivateFrameworks/BaseBoard.framework/Versions/A/BaseBoard
0x00007ff8077b7000 	/System/Library/PrivateFrameworks/ProtocolBuffer.framework/Versions/A/ProtocolBuffer
0x00007ff80de18000 	/System/Library/PrivateFrameworks/GPUWrangler.framework/Versions/A/GPUWrangler
0x00007ff80ddfc000 	/System/Library/PrivateFrameworks/IOPresentment.framework/Versions/A/IOPresentment
0x00007ff80de22000 	/System/Library/PrivateFrameworks/DSExternalDisplay.framework/Versions/A/DSExternalDisplay
0x00007ffa1a1a9000 	/System/Library/Frameworks/OpenGL.framework/Versions/A/Libraries/libCoreFSCache.dylib
0x00007ffb07280000 	/System/Library/PrivateFrameworks/GPUCompiler.framework/Versions/31001/Libraries/libGPUCompilerUtils.dylib
0x00007ff80de8d000 	/System/Library/PrivateFrameworks/CMCaptureCore.framework/Versions/A/CMCaptureCore
0x00007ff80d398000 	/System/Library/PrivateFrameworks/AppServerSupport.framework/Versions/A/AppServerSupport
0x00007ff80f65b000 	/System/Library/PrivateFrameworks/perfdata.framework/Versions/A/perfdata
0x00007ff802863000 	/System/Library/PrivateFrameworks/AudioToolboxCore.framework/Versions/A/AudioToolboxCore
0x00007ff809eaf000 	/System/Library/PrivateFrameworks/caulk.framework/Versions/A/caulk
0x00007ff80ef6d000 	/usr/lib/libAudioStatistics.dylib
0x00007ff906c61000 	/System/Library/PrivateFrameworks/SystemPolicy.framework/Versions/A/SystemPolicy
0x00007ff80f1c8000 	/usr/lib/libSMC.dylib
0x00007ff8180e8000 	/System/Library/Frameworks/CoreMIDI.framework/Versions/A/CoreMIDI
0x00007ff80dd46000 	/usr/lib/libAudioToolboxUtility.dylib
0x00007ff902e8d000 	/System/Library/PrivateFrameworks/OSAServicesClient.framework/Versions/A/OSAServicesClient
0x00007ff80f668000 	/usr/lib/libperfcheck.dylib
0x00007ff90770e000 	/usr/lib/libmis.dylib
0x00007ffa1a204000 	/System/Library/Frameworks/OpenGL.framework/Versions/A/Libraries/libGLU.dylib
0x00007ffa1a1c8000 	/System/Library/Frameworks/OpenGL.framework/Versions/A/Libraries/libGFXShared.dylib
0x00007ffa1a3d1000 	/System/Library/Frameworks/OpenGL.framework/Versions/A/Libraries/libGL.dylib
0x00007ffa1a1d1000 	/System/Library/Frameworks/OpenGL.framework/Versions/A/Libraries/libGLImage.dylib
0x00007ffa1a1c5000 	/System/Library/Frameworks/OpenGL.framework/Versions/A/Libraries/libCVMSPluginSupport.dylib
0x00007ffa1a1b0000 	/System/Library/Frameworks/OpenGL.framework/Versions/A/Libraries/libCoreVMClient.dylib
0x00007ff80aa1b000 	/System/Library/Frameworks/MetalPerformanceShaders.framework/Versions/A/Frameworks/MPSCore.framework/Versions/A/MPSCore
0x00007ff80bddd000 	/System/Library/Frameworks/MetalPerformanceShaders.framework/Versions/A/Frameworks/MPSImage.framework/Versions/A/MPSImage
0x00007ff80b883000 	/System/Library/Frameworks/MetalPerformanceShaders.framework/Versions/A/Frameworks/MPSNeuralNetwork.framework/Versions/A/MPSNeuralNetwork
0x00007ff80bcf7000 	/System/Library/Frameworks/MetalPerformanceShaders.framework/Versions/A/Frameworks/MPSMatrix.framework/Versions/A/MPSMatrix
0x00007ff80bab2000 	/System/Library/Frameworks/MetalPerformanceShaders.framework/Versions/A/Frameworks/MPSRayIntersector.framework/Versions/A/MPSRayIntersector
0x00007ff80bd2f000 	/System/Library/Frameworks/MetalPerformanceShaders.framework/Versions/A/Frameworks/MPSNDArray.framework/Versions/A/MPSNDArray
0x00007ffa1fc89000 	/System/Library/Frameworks/MetalPerformanceShaders.framework/Versions/A/Frameworks/MPSFunctions.framework/Versions/A/MPSFunctions
0x00007ff801b6a000 	/System/Library/PrivateFrameworks/MetalTools.framework/Versions/A/MetalTools
0x00007ff80aa97000 	/System/Library/PrivateFrameworks/AggregateDictionary.framework/Versions/A/AggregateDictionary
0x00007ff80cbd2000 	/usr/lib/libIOReport.dylib
0x00007ffa1b7e0000 	/System/Library/Frameworks/OpenCL.framework/Versions/A/OpenCL
0x00007ff80cf36000 	/System/Library/PrivateFrameworks/FaceCore.framework/Versions/A/FaceCore
0x00007ff80cf27000 	/System/Library/PrivateFrameworks/GraphVisualizer.framework/Versions/A/GraphVisualizer
0x00007ffb0718b000 	/System/Library/PrivateFrameworks/FontServices.framework/Versions/A/FontServices
0x00007ff80d350000 	/System/Library/PrivateFrameworks/OTSVG.framework/Versions/A/OTSVG
0x00007ff808850000 	/System/Library/Frameworks/ApplicationServices.framework/Versions/A/Frameworks/ATS.framework/Versions/A/Resources/libFontRegistry.dylib
0x00007ff80d3a0000 	/System/Library/PrivateFrameworks/FontServices.framework/libhvf.dylib
0x00007ffb0718c000 	/System/Library/PrivateFrameworks/FontServices.framework/libXTFontStaticRegistryData.dylib
0x00007ff80cda0000 	/System/Library/PrivateFrameworks/AppleVA.framework/Versions/A/AppleVA
0x00007ff80ef8d000 	/System/Library/Frameworks/ApplicationServices.framework/Versions/A/Frameworks/ATS.framework/Versions/A/ATS
0x00007ff806efd000 	/System/Library/Frameworks/ApplicationServices.framework/Versions/A/Frameworks/HIServices.framework/Versions/A/HIServices
0x00007ff80de97000 	/System/Library/Frameworks/ApplicationServices.framework/Versions/A/Frameworks/PrintCore.framework/Versions/A/PrintCore
0x00007ff80f31b000 	/System/Library/Frameworks/ApplicationServices.framework/Versions/A/Frameworks/QD.framework/Versions/A/QD
0x00007ff80f313000 	/System/Library/Frameworks/ApplicationServices.framework/Versions/A/Frameworks/ColorSyncLegacy.framework/Versions/A/ColorSyncLegacy
0x00007ff80ef7d000 	/System/Library/Frameworks/ApplicationServices.framework/Versions/A/Frameworks/SpeechSynthesis.framework/Versions/A/SpeechSynthesis
0x00007ff80de58000 	/System/Library/Frameworks/ApplicationServices.framework/Versions/A/Frameworks/ATSUI.framework/Versions/A/ATSUI
0x00007ff80f2a8000 	/usr/lib/libcups.2.dylib
0x00007ff80f677000 	/System/Library/Frameworks/Kerberos.framework/Versions/A/Kerberos
0x00007ff80f686000 	/System/Library/Frameworks/GSS.framework/Versions/A/GSS
0x00007ff80eff9000 	/usr/lib/libresolv.9.dylib
0x00007ff80d3af000 	/System/Library/PrivateFrameworks/Heimdal.framework/Versions/A/Heimdal
0x00007ff81626b000 	/System/Library/Frameworks/Kerberos.framework/Versions/A/Libraries/libHeimdalProxy.dylib
0x00007ff807bba000 	/System/Library/Frameworks/Network.framework/Versions/A/Network
0x00007ff80ce0a000 	/usr/lib/libheimdal-asn1.dylib
0x00007ff80f6d1000 	/System/Library/PrivateFrameworks/CommonAuth.framework/Versions/A/CommonAuth
0x00007ff80eeff000 	/System/Library/PrivateFrameworks/AudioSession.framework/Versions/A/AudioSession
0x00007ff80ce9a000 	/System/Library/PrivateFrameworks/MediaExperience.framework/Versions/A/MediaExperience
0x00007ff80ed91000 	/System/Library/PrivateFrameworks/AudioSession.framework/libSessionUtility.dylib
0x00007ff80f327000 	/System/Library/PrivateFrameworks/AudioResourceArbitration.framework/Versions/A/AudioResourceArbitration
0x00007ff8133a8000 	/System/Library/PrivateFrameworks/PowerLog.framework/Versions/A/PowerLog
0x00007ff80ce13000 	/System/Library/PrivateFrameworks/IconFoundation.framework/Versions/A/IconFoundation
0x00007ff81215e000 	/System/Library/PrivateFrameworks/SpeechRecognitionCore.framework/Versions/A/SpeechRecognitionCore
0x0000000101650000 	/Users/lavaleri/.gradle/jdks/adoptium-8-x64-hotspot-mac/jdk8u352-b08/Contents/Home/jre/lib/server/libjvm.dylib
0x000000010086b000 	/Users/lavaleri/.gradle/jdks/adoptium-8-x64-hotspot-mac/jdk8u352-b08/Contents/Home/jre/lib/libverify.dylib
0x00000001008c2000 	/Users/lavaleri/.gradle/jdks/adoptium-8-x64-hotspot-mac/jdk8u352-b08/Contents/Home/jre/lib/libjava.dylib
0x0000000100951000 	/Users/lavaleri/.gradle/jdks/adoptium-8-x64-hotspot-mac/jdk8u352-b08/Contents/Home/jre/lib/libjdwp.dylib
0x000000010087d000 	/Users/lavaleri/.gradle/jdks/adoptium-8-x64-hotspot-mac/jdk8u352-b08/Contents/Home/jre/lib/libnpt.dylib
0x0000000100895000 	/Users/lavaleri/.gradle/jdks/adoptium-8-x64-hotspot-mac/jdk8u352-b08/Contents/Home/jre/lib/libzip.dylib
0x00000001011ff000 	/Users/lavaleri/.gradle/jdks/adoptium-8-x64-hotspot-mac/jdk8u352-b08/Contents/Home/jre/lib/libnio.dylib
0x0000000101239000 	/Users/lavaleri/.gradle/jdks/adoptium-8-x64-hotspot-mac/jdk8u352-b08/Contents/Home/jre/lib/libnet.dylib
0x00000001011e6000 	/Users/lavaleri/.gradle/jdks/adoptium-8-x64-hotspot-mac/jdk8u352-b08/Contents/Home/jre/lib/libdt_socket.dylib
0x0000000116418000 	/Users/lavaleri/.gradle/jdks/adoptium-8-x64-hotspot-mac/jdk8u352-b08/Contents/Home/jre/lib/libsunec.dylib

VM Arguments:
jvm_args: -Djava.security.manager=worker.org.gradle.process.internal.worker.child.BootstrapSecurityManager -Dorg.gradle.internal.worker.tmpdir=/Users/lavaleri/github/aws-dynamodb-encryption-dafny/DynamoDbEncryption/runtimes/java/build/tmp/test/work -Dorg.gradle.native=false -agentlib:jdwp=transport=dt_socket,server=n,suspend=y,address=127.0.0.1:61959 -Xmx512m -Dfile.encoding=UTF-8 -Duser.country=US -Duser.language=en -Duser.variant -ea 
java_command: worker.org.gradle.process.internal.worker.GradleWorkerMain 'Gradle Test Executor 17'
java_class_path (initial): /Users/lavaleri/.gradle/caches/7.6/workerMain/gradle-worker.jar
Launcher Type: SUN_STANDARD

Environment Variables:
JAVA_HOME=/Library/Java/JavaVirtualMachines/amazon-corretto-16.jdk/Contents/Home
PATH=/Users/lavaleri/.local/bin:/Users/lavaleri/.pyenv/shims:/Users/lavaleri/.pyenv/bin:/Users/lavaleri/.nvm/versions/node/v16.13.0/bin:/usr/local/bin:/usr/bin:/bin:/usr/sbin:/sbin:/Library/TeX/texbin:/usr/local/share/dotnet:~/.dotnet/tools:/Users/lavaleri/.cargo/bin:/opt/apache-maven/bin:/Users/lavaleri/dafny:/Users/lavaleri/.toolbox/bin
SHELL=/bin/zsh

Signal Handlers:
SIGSEGV: [libjvm.dylib+0x59c653], sa_mask[0]=11111111011111110111111111111111, sa_flags=SA_ONSTACK|SA_RESTART|SA_SIGINFO
SIGBUS: [libjvm.dylib+0x59c653], sa_mask[0]=11111111011111110111111111111111, sa_flags=SA_RESTART|SA_SIGINFO
SIGFPE: [libjvm.dylib+0x48f2bb], sa_mask[0]=11111111011111110111111111111111, sa_flags=SA_RESTART|SA_SIGINFO
SIGPIPE: [libjvm.dylib+0x48f2bb], sa_mask[0]=11111111011111110111111111111111, sa_flags=SA_RESTART|SA_SIGINFO
SIGXFSZ: [libjvm.dylib+0x48f2bb], sa_mask[0]=11111111011111110111111111111111, sa_flags=SA_RESTART|SA_SIGINFO
SIGILL: [libjvm.dylib+0x48f2bb], sa_mask[0]=11111111011111110111111111111111, sa_flags=SA_RESTART|SA_SIGINFO
SIGUSR1: SIG_DFL, sa_mask[0]=00000000000000000000000000000000, sa_flags=none
SIGUSR2: [libjvm.dylib+0x48fbb2], sa_mask[0]=00100000000000000000000000000000, sa_flags=SA_RESTART|SA_SIGINFO
SIGHUP: [libjvm.dylib+0x48dda5], sa_mask[0]=11111111011111110111111111111111, sa_flags=SA_RESTART|SA_SIGINFO
SIGINT: [libjvm.dylib+0x48dda5], sa_mask[0]=11111111011111110111111111111111, sa_flags=SA_RESTART|SA_SIGINFO
SIGTERM: [libjvm.dylib+0x48dda5], sa_mask[0]=11111111011111110111111111111111, sa_flags=SA_RESTART|SA_SIGINFO
SIGQUIT: [libjvm.dylib+0x48dda5], sa_mask[0]=11111111011111110111111111111111, sa_flags=SA_RESTART|SA_SIGINFO


---------------  S Y S T E M  ---------------

OS:Bsduname:Darwin 21.6.0 Darwin Kernel Version 21.6.0: Mon Aug 22 20:17:10 PDT 2022; root:xnu-8020.140.49~2/RELEASE_X86_64 x86_64
rlimit: STACK 8192k, CORE 0k, NPROC 2784, NOFILE 10240, AS infinity
load average:3.74 4.47 4.92

CPU:total 12 (initial active 12) (6 cores per cpu, 2 threads per core) family 6 model 158 stepping 10, cmov, cx8, fxsr, mmx, sse, sse2, sse3, ssse3, sse4.1, sse4.2, popcnt, avx, avx2, aes, clmul, erms, 3dnowpref, lzcnt, ht, tsc, tscinvbit, bmi1, bmi2, adx

Memory: 4k page, physical 16777216k(13396k free)

/proc/meminfo:


vm_info: OpenJDK 64-Bit Server VM (25.352-b08) for bsd-amd64 JRE (1.8.0_352-b08), built on Oct 21 2022 11:00:38 by "jenkins" with gcc 4.2.1 Compatible Apple LLVM 10.0.1 (clang-1001.0.46.4)

time: Fri Dec 30 09:27:04 2022
timezone: PST
elapsed time: 65626.994135 seconds (0d 18h 13m 46s)

